[0.187s] DEBUG:colcon:Command line arguments: ['/usr/bin/colcon', 'build', '--packages-select', 'image_service_interfaces', 'image_service_pkg']
[0.187s] DEBUG:colcon:Parsed command line arguments: Namespace(log_base=None, log_level=None, verb_name='build', build_base='build', install_base='install', merge_install=False, symlink_install=False, test_result_base=None, continue_on_error=False, executor='parallel', parallel_workers=4, event_handlers=None, ignore_user_meta=False, metas=['./colcon.meta'], base_paths=['.'], packages_ignore=None, packages_ignore_regex=None, paths=None, packages_up_to=None, packages_up_to_regex=None, packages_above=None, packages_above_and_dependencies=None, packages_above_depth=None, packages_select_by_dep=None, packages_skip_by_dep=None, packages_skip_up_to=None, packages_select_build_failed=False, packages_skip_build_finished=False, packages_select_test_failures=False, packages_skip_test_passed=False, packages_select=['image_service_interfaces', 'image_service_pkg'], packages_skip=None, packages_select_regex=None, packages_skip_regex=None, packages_start=None, packages_end=None, allow_overriding=[], cmake_args=None, cmake_target=None, cmake_target_skip_unavailable=False, cmake_clean_cache=False, cmake_clean_first=False, cmake_force_configure=False, ament_cmake_args=None, catkin_cmake_args=None, catkin_skip_building_tests=False, mixin_files=None, mixin=None, verb_parser=<colcon_mixin.mixin.mixin_argument.MixinArgumentDecorator object at 0xffff9b9531c0>, verb_extension=<colcon_core.verb.build.BuildVerb object at 0xffff9b952bc0>, main=<bound method BuildVerb.main of <colcon_core.verb.build.BuildVerb object at 0xffff9b952bc0>>, mixin_verb=('build',))
[0.306s] Level 1:colcon.colcon_core.package_discovery:discover_packages(colcon_meta) check parameters
[0.306s] Level 1:colcon.colcon_core.package_discovery:discover_packages(recursive) check parameters
[0.306s] Level 1:colcon.colcon_core.package_discovery:discover_packages(ignore) check parameters
[0.306s] Level 1:colcon.colcon_core.package_discovery:discover_packages(path) check parameters
[0.306s] Level 1:colcon.colcon_core.package_discovery:discover_packages(colcon_meta) discover
[0.306s] Level 1:colcon.colcon_core.package_discovery:discover_packages(recursive) discover
[0.306s] INFO:colcon.colcon_core.package_discovery:Crawling recursively for packages in '/home/sheepster/ros2_ws'
[0.306s] Level 1:colcon.colcon_core.package_identification:_identify(.) by extensions ['ignore', 'ignore_ament_install']
[0.307s] Level 1:colcon.colcon_core.package_identification:_identify(.) by extension 'ignore'
[0.307s] Level 1:colcon.colcon_core.package_identification:_identify(.) by extension 'ignore_ament_install'
[0.307s] Level 1:colcon.colcon_core.package_identification:_identify(.) by extensions ['colcon_pkg']
[0.307s] Level 1:colcon.colcon_core.package_identification:_identify(.) by extension 'colcon_pkg'
[0.307s] Level 1:colcon.colcon_core.package_identification:_identify(.) by extensions ['colcon_meta']
[0.307s] Level 1:colcon.colcon_core.package_identification:_identify(.) by extension 'colcon_meta'
[0.307s] Level 1:colcon.colcon_core.package_identification:_identify(.) by extensions ['ros']
[0.307s] Level 1:colcon.colcon_core.package_identification:_identify(.) by extension 'ros'
[0.317s] Level 1:colcon.colcon_core.package_identification:_identify(.) by extensions ['cmake', 'python']
[0.317s] Level 1:colcon.colcon_core.package_identification:_identify(.) by extension 'cmake'
[0.317s] Level 1:colcon.colcon_core.package_identification:_identify(.) by extension 'python'
[0.317s] Level 1:colcon.colcon_core.package_identification:_identify(.) by extensions ['python_setup_py']
[0.317s] Level 1:colcon.colcon_core.package_identification:_identify(.) by extension 'python_setup_py'
[0.317s] Level 1:colcon.colcon_core.package_identification:_identify(build) by extensions ['ignore', 'ignore_ament_install']
[0.317s] Level 1:colcon.colcon_core.package_identification:_identify(build) by extension 'ignore'
[0.317s] Level 1:colcon.colcon_core.package_identification:_identify(build) ignored
[0.317s] Level 1:colcon.colcon_core.package_identification:_identify(install) by extensions ['ignore', 'ignore_ament_install']
[0.317s] Level 1:colcon.colcon_core.package_identification:_identify(install) by extension 'ignore'
[0.317s] Level 1:colcon.colcon_core.package_identification:_identify(install) ignored
[0.317s] Level 1:colcon.colcon_core.package_identification:_identify(log) by extensions ['ignore', 'ignore_ament_install']
[0.317s] Level 1:colcon.colcon_core.package_identification:_identify(log) by extension 'ignore'
[0.317s] Level 1:colcon.colcon_core.package_identification:_identify(log) ignored
[0.317s] Level 1:colcon.colcon_core.package_identification:_identify(src) by extensions ['ignore', 'ignore_ament_install']
[0.317s] Level 1:colcon.colcon_core.package_identification:_identify(src) by extension 'ignore'
[0.317s] Level 1:colcon.colcon_core.package_identification:_identify(src) by extension 'ignore_ament_install'
[0.317s] Level 1:colcon.colcon_core.package_identification:_identify(src) by extensions ['colcon_pkg']
[0.317s] Level 1:colcon.colcon_core.package_identification:_identify(src) by extension 'colcon_pkg'
[0.317s] Level 1:colcon.colcon_core.package_identification:_identify(src) by extensions ['colcon_meta']
[0.318s] Level 1:colcon.colcon_core.package_identification:_identify(src) by extension 'colcon_meta'
[0.318s] Level 1:colcon.colcon_core.package_identification:_identify(src) by extensions ['ros']
[0.318s] Level 1:colcon.colcon_core.package_identification:_identify(src) by extension 'ros'
[0.318s] Level 1:colcon.colcon_core.package_identification:_identify(src) by extensions ['cmake', 'python']
[0.318s] Level 1:colcon.colcon_core.package_identification:_identify(src) by extension 'cmake'
[0.318s] Level 1:colcon.colcon_core.package_identification:_identify(src) by extension 'python'
[0.318s] Level 1:colcon.colcon_core.package_identification:_identify(src) by extensions ['python_setup_py']
[0.318s] Level 1:colcon.colcon_core.package_identification:_identify(src) by extension 'python_setup_py'
[0.318s] Level 1:colcon.colcon_core.package_identification:_identify(src/image_service_interfaces) by extensions ['ignore', 'ignore_ament_install']
[0.318s] Level 1:colcon.colcon_core.package_identification:_identify(src/image_service_interfaces) by extension 'ignore'
[0.318s] Level 1:colcon.colcon_core.package_identification:_identify(src/image_service_interfaces) by extension 'ignore_ament_install'
[0.318s] Level 1:colcon.colcon_core.package_identification:_identify(src/image_service_interfaces) by extensions ['colcon_pkg']
[0.318s] Level 1:colcon.colcon_core.package_identification:_identify(src/image_service_interfaces) by extension 'colcon_pkg'
[0.318s] Level 1:colcon.colcon_core.package_identification:_identify(src/image_service_interfaces) by extensions ['colcon_meta']
[0.318s] Level 1:colcon.colcon_core.package_identification:_identify(src/image_service_interfaces) by extension 'colcon_meta'
[0.318s] Level 1:colcon.colcon_core.package_identification:_identify(src/image_service_interfaces) by extensions ['ros']
[0.318s] Level 1:colcon.colcon_core.package_identification:_identify(src/image_service_interfaces) by extension 'ros'
[0.320s] DEBUG:colcon.colcon_core.package_identification:Package 'src/image_service_interfaces' with type 'ros.ament_cmake' and name 'image_service_interfaces'
[0.320s] Level 1:colcon.colcon_core.package_identification:_identify(src/image_service_pkg) by extensions ['ignore', 'ignore_ament_install']
[0.320s] Level 1:colcon.colcon_core.package_identification:_identify(src/image_service_pkg) by extension 'ignore'
[0.320s] Level 1:colcon.colcon_core.package_identification:_identify(src/image_service_pkg) by extension 'ignore_ament_install'
[0.320s] Level 1:colcon.colcon_core.package_identification:_identify(src/image_service_pkg) by extensions ['colcon_pkg']
[0.320s] Level 1:colcon.colcon_core.package_identification:_identify(src/image_service_pkg) by extension 'colcon_pkg'
[0.320s] Level 1:colcon.colcon_core.package_identification:_identify(src/image_service_pkg) by extensions ['colcon_meta']
[0.320s] Level 1:colcon.colcon_core.package_identification:_identify(src/image_service_pkg) by extension 'colcon_meta'
[0.320s] Level 1:colcon.colcon_core.package_identification:_identify(src/image_service_pkg) by extensions ['ros']
[0.320s] Level 1:colcon.colcon_core.package_identification:_identify(src/image_service_pkg) by extension 'ros'
[0.321s] DEBUG:colcon.colcon_core.package_identification:Package 'src/image_service_pkg' with type 'ros.ament_python' and name 'image_service_pkg'
[0.321s] Level 1:colcon.colcon_core.package_discovery:discover_packages(recursive) using defaults
[0.321s] Level 1:colcon.colcon_core.package_discovery:discover_packages(ignore) discover
[0.321s] Level 1:colcon.colcon_core.package_discovery:discover_packages(ignore) using defaults
[0.321s] Level 1:colcon.colcon_core.package_discovery:discover_packages(path) discover
[0.321s] Level 1:colcon.colcon_core.package_discovery:discover_packages(path) using defaults
[0.342s] Level 1:colcon.colcon_core.package_discovery:discover_packages(prefix_path) check parameters
[0.342s] Level 1:colcon.colcon_core.package_discovery:discover_packages(prefix_path) discover
[0.344s] DEBUG:colcon.colcon_installed_package_information.package_discovery:Found 294 installed packages in /opt/ros/humble
[0.345s] Level 1:colcon.colcon_core.package_discovery:discover_packages(prefix_path) using defaults
[0.413s] Level 5:colcon.colcon_core.verb:set package 'image_service_interfaces' build argument 'cmake_args' from command line to 'None'
[0.413s] Level 5:colcon.colcon_core.verb:set package 'image_service_interfaces' build argument 'cmake_target' from command line to 'None'
[0.413s] Level 5:colcon.colcon_core.verb:set package 'image_service_interfaces' build argument 'cmake_target_skip_unavailable' from command line to 'False'
[0.413s] Level 5:colcon.colcon_core.verb:set package 'image_service_interfaces' build argument 'cmake_clean_cache' from command line to 'False'
[0.413s] Level 5:colcon.colcon_core.verb:set package 'image_service_interfaces' build argument 'cmake_clean_first' from command line to 'False'
[0.413s] Level 5:colcon.colcon_core.verb:set package 'image_service_interfaces' build argument 'cmake_force_configure' from command line to 'False'
[0.413s] Level 5:colcon.colcon_core.verb:set package 'image_service_interfaces' build argument 'ament_cmake_args' from command line to 'None'
[0.413s] Level 5:colcon.colcon_core.verb:set package 'image_service_interfaces' build argument 'catkin_cmake_args' from command line to 'None'
[0.413s] Level 5:colcon.colcon_core.verb:set package 'image_service_interfaces' build argument 'catkin_skip_building_tests' from command line to 'False'
[0.413s] DEBUG:colcon.colcon_core.verb:Building package 'image_service_interfaces' with the following arguments: {'ament_cmake_args': None, 'build_base': '/home/sheepster/ros2_ws/build/image_service_interfaces', 'catkin_cmake_args': None, 'catkin_skip_building_tests': False, 'cmake_args': None, 'cmake_clean_cache': False, 'cmake_clean_first': False, 'cmake_force_configure': False, 'cmake_target': None, 'cmake_target_skip_unavailable': False, 'install_base': '/home/sheepster/ros2_ws/install/image_service_interfaces', 'merge_install': False, 'path': '/home/sheepster/ros2_ws/src/image_service_interfaces', 'symlink_install': False, 'test_result_base': None}
[0.414s] Level 5:colcon.colcon_core.verb:set package 'image_service_pkg' build argument 'cmake_args' from command line to 'None'
[0.414s] Level 5:colcon.colcon_core.verb:set package 'image_service_pkg' build argument 'cmake_target' from command line to 'None'
[0.414s] Level 5:colcon.colcon_core.verb:set package 'image_service_pkg' build argument 'cmake_target_skip_unavailable' from command line to 'False'
[0.414s] Level 5:colcon.colcon_core.verb:set package 'image_service_pkg' build argument 'cmake_clean_cache' from command line to 'False'
[0.414s] Level 5:colcon.colcon_core.verb:set package 'image_service_pkg' build argument 'cmake_clean_first' from command line to 'False'
[0.414s] Level 5:colcon.colcon_core.verb:set package 'image_service_pkg' build argument 'cmake_force_configure' from command line to 'False'
[0.414s] Level 5:colcon.colcon_core.verb:set package 'image_service_pkg' build argument 'ament_cmake_args' from command line to 'None'
[0.414s] Level 5:colcon.colcon_core.verb:set package 'image_service_pkg' build argument 'catkin_cmake_args' from command line to 'None'
[0.414s] Level 5:colcon.colcon_core.verb:set package 'image_service_pkg' build argument 'catkin_skip_building_tests' from command line to 'False'
[0.414s] DEBUG:colcon.colcon_core.verb:Building package 'image_service_pkg' with the following arguments: {'ament_cmake_args': None, 'build_base': '/home/sheepster/ros2_ws/build/image_service_pkg', 'catkin_cmake_args': None, 'catkin_skip_building_tests': False, 'cmake_args': None, 'cmake_clean_cache': False, 'cmake_clean_first': False, 'cmake_force_configure': False, 'cmake_target': None, 'cmake_target_skip_unavailable': False, 'install_base': '/home/sheepster/ros2_ws/install/image_service_pkg', 'merge_install': False, 'path': '/home/sheepster/ros2_ws/src/image_service_pkg', 'symlink_install': False, 'test_result_base': None}
[0.414s] INFO:colcon.colcon_core.executor:Executing jobs using 'parallel' executor
[0.415s] DEBUG:colcon.colcon_parallel_executor.executor.parallel:run_until_complete
[0.415s] INFO:colcon.colcon_ros.task.ament_cmake.build:Building ROS package in '/home/sheepster/ros2_ws/src/image_service_interfaces' with build type 'ament_cmake'
[0.415s] INFO:colcon.colcon_cmake.task.cmake.build:Building CMake package in '/home/sheepster/ros2_ws/src/image_service_interfaces'
[0.419s] INFO:colcon.colcon_core.plugin_system:Skipping extension 'colcon_core.shell.bat': Not used on non-Windows systems
[0.419s] INFO:colcon.colcon_core.shell:Skip shell extension 'powershell' for command environment: Not usable outside of PowerShell
[0.419s] DEBUG:colcon.colcon_core.shell:Skip shell extension 'dsv' for command environment
[0.426s] DEBUG:colcon.colcon_core.event_handler.log_command:Invoking command in '/home/sheepster/ros2_ws/build/image_service_interfaces': CMAKE_PREFIX_PATH=/opt/ros/humble /usr/bin/cmake --build /home/sheepster/ros2_ws/build/image_service_interfaces -- -j4 -l4
[0.768s] DEBUG:colcon.colcon_core.event_handler.log_command:Invoked command in '/home/sheepster/ros2_ws/build/image_service_interfaces' returned '0': CMAKE_PREFIX_PATH=/opt/ros/humble /usr/bin/cmake --build /home/sheepster/ros2_ws/build/image_service_interfaces -- -j4 -l4
[0.776s] DEBUG:colcon.colcon_core.event_handler.log_command:Invoking command in '/home/sheepster/ros2_ws/build/image_service_interfaces': CMAKE_PREFIX_PATH=/opt/ros/humble /usr/bin/cmake --install /home/sheepster/ros2_ws/build/image_service_interfaces
[0.823s] Level 1:colcon.colcon_core.environment:create_environment_scripts_only(image_service_interfaces)
[0.824s] DEBUG:colcon.colcon_core.event_handler.log_command:Invoked command in '/home/sheepster/ros2_ws/build/image_service_interfaces' returned '0': CMAKE_PREFIX_PATH=/opt/ros/humble /usr/bin/cmake --install /home/sheepster/ros2_ws/build/image_service_interfaces
[0.827s] Level 1:colcon.colcon_core.environment:checking '/home/sheepster/ros2_ws/install/image_service_interfaces' for CMake module files
[0.828s] Level 1:colcon.colcon_core.environment:checking '/home/sheepster/ros2_ws/install/image_service_interfaces' for CMake config files
[0.829s] Level 1:colcon.colcon_core.shell:create_environment_hook('image_service_interfaces', 'cmake_prefix_path')
[0.829s] INFO:colcon.colcon_core.shell:Creating environment hook '/home/sheepster/ros2_ws/install/image_service_interfaces/share/image_service_interfaces/hook/cmake_prefix_path.ps1'
[0.830s] INFO:colcon.colcon_core.shell:Creating environment descriptor '/home/sheepster/ros2_ws/install/image_service_interfaces/share/image_service_interfaces/hook/cmake_prefix_path.dsv'
[0.831s] INFO:colcon.colcon_core.shell:Creating environment hook '/home/sheepster/ros2_ws/install/image_service_interfaces/share/image_service_interfaces/hook/cmake_prefix_path.sh'
[0.832s] Level 1:colcon.colcon_core.environment:checking '/home/sheepster/ros2_ws/install/image_service_interfaces/lib'
[0.832s] Level 1:colcon.colcon_core.shell:create_environment_hook('image_service_interfaces', 'ld_library_path_lib')
[0.832s] INFO:colcon.colcon_core.shell:Creating environment hook '/home/sheepster/ros2_ws/install/image_service_interfaces/share/image_service_interfaces/hook/ld_library_path_lib.ps1'
[0.834s] INFO:colcon.colcon_core.shell:Creating environment descriptor '/home/sheepster/ros2_ws/install/image_service_interfaces/share/image_service_interfaces/hook/ld_library_path_lib.dsv'
[0.834s] INFO:colcon.colcon_core.shell:Creating environment hook '/home/sheepster/ros2_ws/install/image_service_interfaces/share/image_service_interfaces/hook/ld_library_path_lib.sh'
[0.834s] Level 1:colcon.colcon_core.environment:checking '/home/sheepster/ros2_ws/install/image_service_interfaces/bin'
[0.834s] Level 1:colcon.colcon_core.environment:checking '/home/sheepster/ros2_ws/install/image_service_interfaces/lib/pkgconfig/image_service_interfaces.pc'
[0.835s] Level 1:colcon.colcon_core.environment:checking '/home/sheepster/ros2_ws/install/image_service_interfaces/lib/python3.10/site-packages'
[0.835s] Level 1:colcon.colcon_core.environment:checking '/home/sheepster/ros2_ws/install/image_service_interfaces/bin'
[0.835s] INFO:colcon.colcon_core.shell:Creating package script '/home/sheepster/ros2_ws/install/image_service_interfaces/share/image_service_interfaces/package.ps1'
[0.836s] INFO:colcon.colcon_core.shell:Creating package descriptor '/home/sheepster/ros2_ws/install/image_service_interfaces/share/image_service_interfaces/package.dsv'
[0.836s] INFO:colcon.colcon_core.shell:Creating package script '/home/sheepster/ros2_ws/install/image_service_interfaces/share/image_service_interfaces/package.sh'
[0.837s] INFO:colcon.colcon_core.shell:Creating package script '/home/sheepster/ros2_ws/install/image_service_interfaces/share/image_service_interfaces/package.bash'
[0.838s] INFO:colcon.colcon_core.shell:Creating package script '/home/sheepster/ros2_ws/install/image_service_interfaces/share/image_service_interfaces/package.zsh'
[0.838s] Level 1:colcon.colcon_core.environment:create_file_with_runtime_dependencies(/home/sheepster/ros2_ws/install/image_service_interfaces/share/colcon-core/packages/image_service_interfaces)
[0.839s] Level 1:colcon.colcon_core.environment:create_environment_scripts_only(image_service_interfaces)
[0.839s] Level 1:colcon.colcon_core.environment:checking '/home/sheepster/ros2_ws/install/image_service_interfaces' for CMake module files
[0.840s] Level 1:colcon.colcon_core.environment:checking '/home/sheepster/ros2_ws/install/image_service_interfaces' for CMake config files
[0.840s] Level 1:colcon.colcon_core.shell:create_environment_hook('image_service_interfaces', 'cmake_prefix_path')
[0.840s] INFO:colcon.colcon_core.shell:Creating environment hook '/home/sheepster/ros2_ws/install/image_service_interfaces/share/image_service_interfaces/hook/cmake_prefix_path.ps1'
[0.840s] INFO:colcon.colcon_core.shell:Creating environment descriptor '/home/sheepster/ros2_ws/install/image_service_interfaces/share/image_service_interfaces/hook/cmake_prefix_path.dsv'
[0.841s] INFO:colcon.colcon_core.shell:Creating environment hook '/home/sheepster/ros2_ws/install/image_service_interfaces/share/image_service_interfaces/hook/cmake_prefix_path.sh'
[0.841s] Level 1:colcon.colcon_core.environment:checking '/home/sheepster/ros2_ws/install/image_service_interfaces/lib'
[0.841s] Level 1:colcon.colcon_core.shell:create_environment_hook('image_service_interfaces', 'ld_library_path_lib')
[0.842s] INFO:colcon.colcon_core.shell:Creating environment hook '/home/sheepster/ros2_ws/install/image_service_interfaces/share/image_service_interfaces/hook/ld_library_path_lib.ps1'
[0.842s] INFO:colcon.colcon_core.shell:Creating environment descriptor '/home/sheepster/ros2_ws/install/image_service_interfaces/share/image_service_interfaces/hook/ld_library_path_lib.dsv'
[0.842s] INFO:colcon.colcon_core.shell:Creating environment hook '/home/sheepster/ros2_ws/install/image_service_interfaces/share/image_service_interfaces/hook/ld_library_path_lib.sh'
[0.843s] Level 1:colcon.colcon_core.environment:checking '/home/sheepster/ros2_ws/install/image_service_interfaces/bin'
[0.843s] Level 1:colcon.colcon_core.environment:checking '/home/sheepster/ros2_ws/install/image_service_interfaces/lib/pkgconfig/image_service_interfaces.pc'
[0.843s] Level 1:colcon.colcon_core.environment:checking '/home/sheepster/ros2_ws/install/image_service_interfaces/lib/python3.10/site-packages'
[0.843s] Level 1:colcon.colcon_core.environment:checking '/home/sheepster/ros2_ws/install/image_service_interfaces/bin'
[0.843s] INFO:colcon.colcon_core.shell:Creating package script '/home/sheepster/ros2_ws/install/image_service_interfaces/share/image_service_interfaces/package.ps1'
[0.843s] INFO:colcon.colcon_core.shell:Creating package descriptor '/home/sheepster/ros2_ws/install/image_service_interfaces/share/image_service_interfaces/package.dsv'
[0.844s] INFO:colcon.colcon_core.shell:Creating package script '/home/sheepster/ros2_ws/install/image_service_interfaces/share/image_service_interfaces/package.sh'
[0.845s] INFO:colcon.colcon_core.shell:Creating package script '/home/sheepster/ros2_ws/install/image_service_interfaces/share/image_service_interfaces/package.bash'
[0.846s] INFO:colcon.colcon_core.shell:Creating package script '/home/sheepster/ros2_ws/install/image_service_interfaces/share/image_service_interfaces/package.zsh'
[0.846s] Level 1:colcon.colcon_core.environment:create_file_with_runtime_dependencies(/home/sheepster/ros2_ws/install/image_service_interfaces/share/colcon-core/packages/image_service_interfaces)
[0.847s] INFO:colcon.colcon_ros.task.ament_python.build:Building ROS package in '/home/sheepster/ros2_ws/src/image_service_pkg' with build type 'ament_python'
[0.847s] Level 1:colcon.colcon_core.shell:create_environment_hook('image_service_pkg', 'ament_prefix_path')
[0.847s] INFO:colcon.colcon_core.shell:Creating environment hook '/home/sheepster/ros2_ws/install/image_service_pkg/share/image_service_pkg/hook/ament_prefix_path.ps1'
[0.848s] INFO:colcon.colcon_core.shell:Creating environment descriptor '/home/sheepster/ros2_ws/install/image_service_pkg/share/image_service_pkg/hook/ament_prefix_path.dsv'
[0.848s] INFO:colcon.colcon_core.shell:Creating environment hook '/home/sheepster/ros2_ws/install/image_service_pkg/share/image_service_pkg/hook/ament_prefix_path.sh'
[0.850s] INFO:colcon.colcon_core.shell:Skip shell extension 'powershell' for command environment: Not usable outside of PowerShell
[0.850s] DEBUG:colcon.colcon_core.shell:Skip shell extension 'dsv' for command environment
[1.043s] INFO:colcon.colcon_core.task.python.build:Building Python package in '/home/sheepster/ros2_ws/src/image_service_pkg'
[1.043s] INFO:colcon.colcon_core.shell:Skip shell extension 'powershell' for command environment: Not usable outside of PowerShell
[1.043s] DEBUG:colcon.colcon_core.shell:Skip shell extension 'dsv' for command environment
[1.372s] DEBUG:colcon.colcon_core.event_handler.log_command:Invoking command in '/home/sheepster/ros2_ws/src/image_service_pkg': AMENT_PREFIX_PATH=/home/sheepster/ros2_ws/install/image_service_interfaces:${AMENT_PREFIX_PATH} CMAKE_PREFIX_PATH=/home/sheepster/ros2_ws/install/image_service_interfaces LD_LIBRARY_PATH=/home/sheepster/ros2_ws/install/image_service_interfaces/lib:${LD_LIBRARY_PATH} PYTHONPATH=/home/sheepster/ros2_ws/build/image_service_pkg/prefix_override:/usr/lib/python3/dist-packages/colcon_core/task/python/colcon_distutils_commands:/home/sheepster/ros2_ws/install/image_service_pkg/lib/python3.10/site-packages:/home/sheepster/ros2_ws/install/image_service_interfaces/local/lib/python3.10/dist-packages:${PYTHONPATH} /usr/bin/python3 -W ignore:setup.py install is deprecated -W ignore:easy_install command is deprecated setup.py egg_info --egg-base ../../build/image_service_pkg build --build-base /home/sheepster/ros2_ws/build/image_service_pkg/build install --record /home/sheepster/ros2_ws/build/image_service_pkg/install.log --single-version-externally-managed install_data
[1.547s] Level 1:colcon.colcon_core.environment:checking '/home/sheepster/ros2_ws/install/image_service_pkg' for CMake module files
[1.547s] DEBUG:colcon.colcon_core.event_handler.log_command:Invoked command in '/home/sheepster/ros2_ws/src/image_service_pkg' returned '0': AMENT_PREFIX_PATH=/home/sheepster/ros2_ws/install/image_service_interfaces:${AMENT_PREFIX_PATH} CMAKE_PREFIX_PATH=/home/sheepster/ros2_ws/install/image_service_interfaces LD_LIBRARY_PATH=/home/sheepster/ros2_ws/install/image_service_interfaces/lib:${LD_LIBRARY_PATH} PYTHONPATH=/home/sheepster/ros2_ws/build/image_service_pkg/prefix_override:/usr/lib/python3/dist-packages/colcon_core/task/python/colcon_distutils_commands:/home/sheepster/ros2_ws/install/image_service_pkg/lib/python3.10/site-packages:/home/sheepster/ros2_ws/install/image_service_interfaces/local/lib/python3.10/dist-packages:${PYTHONPATH} /usr/bin/python3 -W ignore:setup.py install is deprecated -W ignore:easy_install command is deprecated setup.py egg_info --egg-base ../../build/image_service_pkg build --build-base /home/sheepster/ros2_ws/build/image_service_pkg/build install --record /home/sheepster/ros2_ws/build/image_service_pkg/install.log --single-version-externally-managed install_data
[1.548s] Level 1:colcon.colcon_core.environment:checking '/home/sheepster/ros2_ws/install/image_service_pkg' for CMake config files
[1.548s] Level 1:colcon.colcon_core.environment:checking '/home/sheepster/ros2_ws/install/image_service_pkg/lib'
[1.549s] Level 1:colcon.colcon_core.environment:checking '/home/sheepster/ros2_ws/install/image_service_pkg/bin'
[1.549s] Level 1:colcon.colcon_core.environment:checking '/home/sheepster/ros2_ws/install/image_service_pkg/lib/pkgconfig/image_service_pkg.pc'
[1.549s] Level 1:colcon.colcon_core.environment:checking '/home/sheepster/ros2_ws/install/image_service_pkg/lib/python3.10/site-packages'
[1.549s] Level 1:colcon.colcon_core.shell:create_environment_hook('image_service_pkg', 'pythonpath')
[1.549s] INFO:colcon.colcon_core.shell:Creating environment hook '/home/sheepster/ros2_ws/install/image_service_pkg/share/image_service_pkg/hook/pythonpath.ps1'
[1.549s] INFO:colcon.colcon_core.shell:Creating environment descriptor '/home/sheepster/ros2_ws/install/image_service_pkg/share/image_service_pkg/hook/pythonpath.dsv'
[1.550s] INFO:colcon.colcon_core.shell:Creating environment hook '/home/sheepster/ros2_ws/install/image_service_pkg/share/image_service_pkg/hook/pythonpath.sh'
[1.550s] Level 1:colcon.colcon_core.environment:checking '/home/sheepster/ros2_ws/install/image_service_pkg/bin'
[1.550s] Level 1:colcon.colcon_core.environment:create_environment_scripts_only(image_service_pkg)
[1.550s] INFO:colcon.colcon_core.shell:Creating package script '/home/sheepster/ros2_ws/install/image_service_pkg/share/image_service_pkg/package.ps1'
[1.551s] INFO:colcon.colcon_core.shell:Creating package descriptor '/home/sheepster/ros2_ws/install/image_service_pkg/share/image_service_pkg/package.dsv'
[1.551s] INFO:colcon.colcon_core.shell:Creating package script '/home/sheepster/ros2_ws/install/image_service_pkg/share/image_service_pkg/package.sh'
[1.551s] INFO:colcon.colcon_core.shell:Creating package script '/home/sheepster/ros2_ws/install/image_service_pkg/share/image_service_pkg/package.bash'
[1.551s] INFO:colcon.colcon_core.shell:Creating package script '/home/sheepster/ros2_ws/install/image_service_pkg/share/image_service_pkg/package.zsh'
[1.552s] Level 1:colcon.colcon_core.environment:create_file_with_runtime_dependencies(/home/sheepster/ros2_ws/install/image_service_pkg/share/colcon-core/packages/image_service_pkg)
[1.552s] DEBUG:colcon.colcon_parallel_executor.executor.parallel:closing loop
[1.552s] DEBUG:colcon.colcon_parallel_executor.executor.parallel:loop closed
[1.552s] DEBUG:colcon.colcon_parallel_executor.executor.parallel:run_until_complete finished with '0'
[1.552s] DEBUG:colcon.colcon_core.event_reactor:joining thread
[1.560s] INFO:colcon.colcon_core.plugin_system:Skipping extension 'colcon_notification.desktop_notification.terminal_notifier': Not used on non-Darwin systems
[1.560s] INFO:colcon.colcon_core.plugin_system:Skipping extension 'colcon_notification.desktop_notification.win32': Not used on non-Windows systems
[1.560s] INFO:colcon.colcon_notification.desktop_notification:Sending desktop notification using 'notify2'
[1.611s] DEBUG:colcon.colcon_core.event_reactor:joined thread
[1.611s] INFO:colcon.colcon_core.shell:Creating prefix script '/home/sheepster/ros2_ws/install/local_setup.ps1'
[1.612s] INFO:colcon.colcon_core.shell:Creating prefix util module '/home/sheepster/ros2_ws/install/_local_setup_util_ps1.py'
[1.614s] INFO:colcon.colcon_core.shell:Creating prefix chain script '/home/sheepster/ros2_ws/install/setup.ps1'
[1.614s] INFO:colcon.colcon_core.shell:Creating prefix script '/home/sheepster/ros2_ws/install/local_setup.sh'
[1.615s] INFO:colcon.colcon_core.shell:Creating prefix util module '/home/sheepster/ros2_ws/install/_local_setup_util_sh.py'
[1.615s] INFO:colcon.colcon_core.shell:Creating prefix chain script '/home/sheepster/ros2_ws/install/setup.sh'
[1.616s] INFO:colcon.colcon_core.shell:Creating prefix script '/home/sheepster/ros2_ws/install/local_setup.bash'
[1.617s] INFO:colcon.colcon_core.shell:Creating prefix chain script '/home/sheepster/ros2_ws/install/setup.bash'
[1.618s] INFO:colcon.colcon_core.shell:Creating prefix script '/home/sheepster/ros2_ws/install/local_setup.zsh'
[1.618s] INFO:colcon.colcon_core.shell:Creating prefix chain script '/home/sheepster/ros2_ws/install/setup.zsh'
