[0.011s] Invoking command in '/home/sheepster/ros2_ws/build/image_service_interfaces': CMAKE_PREFIX_PATH=/opt/ros/humble /usr/bin/cmake --build /home/sheepster/ros2_ws/build/image_service_interfaces -- -j4 -l4
[0.165s] [  9%] Built target image_service_interfaces__rosidl_generator_c
[0.165s] [ 12%] Built target image_service_interfaces__cpp
[0.166s] [ 12%] Built target ament_cmake_python_copy_image_service_interfaces
[0.180s] [ 22%] Built target image_service_interfaces__rosidl_typesupport_fastrtps_c
[0.180s] [ 32%] Built target image_service_interfaces__rosidl_typesupport_introspection_c
[0.181s] [ 41%] Built target image_service_interfaces__rosidl_typesupport_c
[0.196s] [ 54%] Built target image_service_interfaces__rosidl_typesupport_introspection_cpp
[0.197s] [ 64%] Built target image_service_interfaces__rosidl_typesupport_fastrtps_cpp
[0.198s] [ 70%] Built target image_service_interfaces__rosidl_typesupport_cpp
[0.211s] [ 70%] Built target image_service_interfaces
[0.226s] [ 74%] Built target image_service_interfaces__py
[0.244s] [ 80%] Built target image_service_interfaces__rosidl_generator_py
[0.260s] [ 87%] Built target image_service_interfaces__rosidl_typesupport_introspection_c__pyext
[0.261s] [ 93%] Built target image_service_interfaces__rosidl_typesupport_fastrtps_c__pyext
[0.263s] [100%] Built target image_service_interfaces__rosidl_typesupport_c__pyext
[0.327s] running egg_info
[0.327s] writing image_service_interfaces.egg-info/PKG-INFO
[0.327s] writing dependency_links to image_service_interfaces.egg-info/dependency_links.txt
[0.327s] writing top-level names to image_service_interfaces.egg-info/top_level.txt
[0.330s] reading manifest file 'image_service_interfaces.egg-info/SOURCES.txt'
[0.330s] writing manifest file 'image_service_interfaces.egg-info/SOURCES.txt'
[0.347s] [100%] Built target ament_cmake_python_build_image_service_interfaces_egg
[0.353s] Invoked command in '/home/sheepster/ros2_ws/build/image_service_interfaces' returned '0': CMAKE_PREFIX_PATH=/opt/ros/humble /usr/bin/cmake --build /home/sheepster/ros2_ws/build/image_service_interfaces -- -j4 -l4
[0.360s] Invoking command in '/home/sheepster/ros2_ws/build/image_service_interfaces': CMAKE_PREFIX_PATH=/opt/ros/humble /usr/bin/cmake --install /home/sheepster/ros2_ws/build/image_service_interfaces
[0.365s] -- Install configuration: ""
[0.366s] -- Up-to-date: /home/sheepster/ros2_ws/install/image_service_interfaces/share/ament_index/resource_index/rosidl_interfaces/image_service_interfaces
[0.367s] -- Up-to-date: /home/sheepster/ros2_ws/install/image_service_interfaces/include/image_service_interfaces/image_service_interfaces
[0.367s] -- Up-to-date: /home/sheepster/ros2_ws/install/image_service_interfaces/include/image_service_interfaces/image_service_interfaces/msg
[0.367s] -- Up-to-date: /home/sheepster/ros2_ws/install/image_service_interfaces/include/image_service_interfaces/image_service_interfaces/msg/rosidl_generator_c__visibility_control.h
[0.367s] -- Up-to-date: /home/sheepster/ros2_ws/install/image_service_interfaces/include/image_service_interfaces/image_service_interfaces/srv
[0.367s] -- Up-to-date: /home/sheepster/ros2_ws/install/image_service_interfaces/include/image_service_interfaces/image_service_interfaces/srv/detail
[0.368s] -- Up-to-date: /home/sheepster/ros2_ws/install/image_service_interfaces/include/image_service_interfaces/image_service_interfaces/srv/detail/return_image__struct.h
[0.368s] -- Up-to-date: /home/sheepster/ros2_ws/install/image_service_interfaces/include/image_service_interfaces/image_service_interfaces/srv/detail/return_image__functions.c
[0.368s] -- Up-to-date: /home/sheepster/ros2_ws/install/image_service_interfaces/include/image_service_interfaces/image_service_interfaces/srv/detail/return_image__type_support.h
[0.368s] -- Up-to-date: /home/sheepster/ros2_ws/install/image_service_interfaces/include/image_service_interfaces/image_service_interfaces/srv/detail/return_image__functions.h
[0.368s] -- Up-to-date: /home/sheepster/ros2_ws/install/image_service_interfaces/include/image_service_interfaces/image_service_interfaces/srv/return_image.h
[0.368s] -- Up-to-date: /home/sheepster/ros2_ws/install/image_service_interfaces/share/image_service_interfaces/environment/library_path.sh
[0.368s] -- Up-to-date: /home/sheepster/ros2_ws/install/image_service_interfaces/share/image_service_interfaces/environment/library_path.dsv
[0.369s] -- Up-to-date: /home/sheepster/ros2_ws/install/image_service_interfaces/lib/libimage_service_interfaces__rosidl_generator_c.so
[0.369s] -- Up-to-date: /home/sheepster/ros2_ws/install/image_service_interfaces/include/image_service_interfaces/image_service_interfaces
[0.369s] -- Up-to-date: /home/sheepster/ros2_ws/install/image_service_interfaces/include/image_service_interfaces/image_service_interfaces/msg
[0.369s] -- Up-to-date: /home/sheepster/ros2_ws/install/image_service_interfaces/include/image_service_interfaces/image_service_interfaces/msg/rosidl_typesupport_fastrtps_c__visibility_control.h
[0.369s] -- Up-to-date: /home/sheepster/ros2_ws/install/image_service_interfaces/include/image_service_interfaces/image_service_interfaces/srv
[0.369s] -- Up-to-date: /home/sheepster/ros2_ws/install/image_service_interfaces/include/image_service_interfaces/image_service_interfaces/srv/detail
[0.370s] -- Up-to-date: /home/sheepster/ros2_ws/install/image_service_interfaces/include/image_service_interfaces/image_service_interfaces/srv/detail/return_image__rosidl_typesupport_fastrtps_c.h
[0.370s] -- Up-to-date: /home/sheepster/ros2_ws/install/image_service_interfaces/lib/libimage_service_interfaces__rosidl_typesupport_fastrtps_c.so
[0.370s] -- Up-to-date: /home/sheepster/ros2_ws/install/image_service_interfaces/include/image_service_interfaces/image_service_interfaces
[0.370s] -- Up-to-date: /home/sheepster/ros2_ws/install/image_service_interfaces/include/image_service_interfaces/image_service_interfaces/msg
[0.370s] -- Up-to-date: /home/sheepster/ros2_ws/install/image_service_interfaces/include/image_service_interfaces/image_service_interfaces/msg/rosidl_generator_cpp__visibility_control.hpp
[0.370s] -- Up-to-date: /home/sheepster/ros2_ws/install/image_service_interfaces/include/image_service_interfaces/image_service_interfaces/srv
[0.371s] -- Up-to-date: /home/sheepster/ros2_ws/install/image_service_interfaces/include/image_service_interfaces/image_service_interfaces/srv/return_image.hpp
[0.371s] -- Up-to-date: /home/sheepster/ros2_ws/install/image_service_interfaces/include/image_service_interfaces/image_service_interfaces/srv/detail
[0.371s] -- Up-to-date: /home/sheepster/ros2_ws/install/image_service_interfaces/include/image_service_interfaces/image_service_interfaces/srv/detail/return_image__type_support.hpp
[0.371s] -- Up-to-date: /home/sheepster/ros2_ws/install/image_service_interfaces/include/image_service_interfaces/image_service_interfaces/srv/detail/return_image__struct.hpp
[0.371s] -- Up-to-date: /home/sheepster/ros2_ws/install/image_service_interfaces/include/image_service_interfaces/image_service_interfaces/srv/detail/return_image__builder.hpp
[0.371s] -- Up-to-date: /home/sheepster/ros2_ws/install/image_service_interfaces/include/image_service_interfaces/image_service_interfaces/srv/detail/return_image__traits.hpp
[0.371s] -- Up-to-date: /home/sheepster/ros2_ws/install/image_service_interfaces/include/image_service_interfaces/image_service_interfaces
[0.371s] -- Up-to-date: /home/sheepster/ros2_ws/install/image_service_interfaces/include/image_service_interfaces/image_service_interfaces/msg
[0.371s] -- Up-to-date: /home/sheepster/ros2_ws/install/image_service_interfaces/include/image_service_interfaces/image_service_interfaces/msg/rosidl_typesupport_fastrtps_cpp__visibility_control.h
[0.371s] -- Up-to-date: /home/sheepster/ros2_ws/install/image_service_interfaces/include/image_service_interfaces/image_service_interfaces/srv
[0.371s] -- Up-to-date: /home/sheepster/ros2_ws/install/image_service_interfaces/include/image_service_interfaces/image_service_interfaces/srv/detail
[0.371s] -- Up-to-date: /home/sheepster/ros2_ws/install/image_service_interfaces/include/image_service_interfaces/image_service_interfaces/srv/detail/return_image__rosidl_typesupport_fastrtps_cpp.hpp
[0.371s] -- Up-to-date: /home/sheepster/ros2_ws/install/image_service_interfaces/include/image_service_interfaces/image_service_interfaces/srv/detail/dds_fastrtps
[0.371s] -- Up-to-date: /home/sheepster/ros2_ws/install/image_service_interfaces/lib/libimage_service_interfaces__rosidl_typesupport_fastrtps_cpp.so
[0.371s] -- Up-to-date: /home/sheepster/ros2_ws/install/image_service_interfaces/include/image_service_interfaces/image_service_interfaces
[0.371s] -- Up-to-date: /home/sheepster/ros2_ws/install/image_service_interfaces/include/image_service_interfaces/image_service_interfaces/msg
[0.371s] -- Up-to-date: /home/sheepster/ros2_ws/install/image_service_interfaces/include/image_service_interfaces/image_service_interfaces/msg/rosidl_typesupport_introspection_c__visibility_control.h
[0.372s] -- Up-to-date: /home/sheepster/ros2_ws/install/image_service_interfaces/include/image_service_interfaces/image_service_interfaces/srv
[0.372s] -- Up-to-date: /home/sheepster/ros2_ws/install/image_service_interfaces/include/image_service_interfaces/image_service_interfaces/srv/detail
[0.372s] -- Up-to-date: /home/sheepster/ros2_ws/install/image_service_interfaces/include/image_service_interfaces/image_service_interfaces/srv/detail/return_image__type_support.c
[0.372s] -- Up-to-date: /home/sheepster/ros2_ws/install/image_service_interfaces/include/image_service_interfaces/image_service_interfaces/srv/detail/return_image__rosidl_typesupport_introspection_c.h
[0.372s] -- Up-to-date: /home/sheepster/ros2_ws/install/image_service_interfaces/lib/libimage_service_interfaces__rosidl_typesupport_introspection_c.so
[0.372s] -- Up-to-date: /home/sheepster/ros2_ws/install/image_service_interfaces/lib/libimage_service_interfaces__rosidl_typesupport_c.so
[0.373s] -- Up-to-date: /home/sheepster/ros2_ws/install/image_service_interfaces/include/image_service_interfaces/image_service_interfaces
[0.373s] -- Up-to-date: /home/sheepster/ros2_ws/install/image_service_interfaces/include/image_service_interfaces/image_service_interfaces/srv
[0.373s] -- Up-to-date: /home/sheepster/ros2_ws/install/image_service_interfaces/include/image_service_interfaces/image_service_interfaces/srv/detail
[0.373s] -- Up-to-date: /home/sheepster/ros2_ws/install/image_service_interfaces/include/image_service_interfaces/image_service_interfaces/srv/detail/return_image__rosidl_typesupport_introspection_cpp.hpp
[0.373s] -- Up-to-date: /home/sheepster/ros2_ws/install/image_service_interfaces/include/image_service_interfaces/image_service_interfaces/srv/detail/return_image__type_support.cpp
[0.373s] -- Up-to-date: /home/sheepster/ros2_ws/install/image_service_interfaces/lib/libimage_service_interfaces__rosidl_typesupport_introspection_cpp.so
[0.373s] -- Up-to-date: /home/sheepster/ros2_ws/install/image_service_interfaces/lib/libimage_service_interfaces__rosidl_typesupport_cpp.so
[0.374s] -- Up-to-date: /home/sheepster/ros2_ws/install/image_service_interfaces/share/image_service_interfaces/environment/pythonpath.sh
[0.374s] -- Up-to-date: /home/sheepster/ros2_ws/install/image_service_interfaces/share/image_service_interfaces/environment/pythonpath.dsv
[0.374s] -- Up-to-date: /home/sheepster/ros2_ws/install/image_service_interfaces/local/lib/python3.10/dist-packages/image_service_interfaces-0.0.0-py3.10.egg-info
[0.374s] -- Installing: /home/sheepster/ros2_ws/install/image_service_interfaces/local/lib/python3.10/dist-packages/image_service_interfaces-0.0.0-py3.10.egg-info/SOURCES.txt
[0.374s] -- Installing: /home/sheepster/ros2_ws/install/image_service_interfaces/local/lib/python3.10/dist-packages/image_service_interfaces-0.0.0-py3.10.egg-info/PKG-INFO
[0.374s] -- Installing: /home/sheepster/ros2_ws/install/image_service_interfaces/local/lib/python3.10/dist-packages/image_service_interfaces-0.0.0-py3.10.egg-info/top_level.txt
[0.374s] -- Installing: /home/sheepster/ros2_ws/install/image_service_interfaces/local/lib/python3.10/dist-packages/image_service_interfaces-0.0.0-py3.10.egg-info/dependency_links.txt
[0.374s] -- Up-to-date: /home/sheepster/ros2_ws/install/image_service_interfaces/local/lib/python3.10/dist-packages/image_service_interfaces
[0.375s] -- Up-to-date: /home/sheepster/ros2_ws/install/image_service_interfaces/local/lib/python3.10/dist-packages/image_service_interfaces/_image_service_interfaces_s.ep.rosidl_typesupport_introspection_c.c
[0.375s] -- Up-to-date: /home/sheepster/ros2_ws/install/image_service_interfaces/local/lib/python3.10/dist-packages/image_service_interfaces/image_service_interfaces_s__rosidl_typesupport_fastrtps_c.cpython-310-aarch64-linux-gnu.so
[0.375s] -- Up-to-date: /home/sheepster/ros2_ws/install/image_service_interfaces/local/lib/python3.10/dist-packages/image_service_interfaces/libimage_service_interfaces__rosidl_generator_py.so
[0.375s] -- Up-to-date: /home/sheepster/ros2_ws/install/image_service_interfaces/local/lib/python3.10/dist-packages/image_service_interfaces/_image_service_interfaces_s.ep.rosidl_typesupport_c.c
[0.375s] -- Up-to-date: /home/sheepster/ros2_ws/install/image_service_interfaces/local/lib/python3.10/dist-packages/image_service_interfaces/image_service_interfaces_s__rosidl_typesupport_c.cpython-310-aarch64-linux-gnu.so
[0.375s] -- Up-to-date: /home/sheepster/ros2_ws/install/image_service_interfaces/local/lib/python3.10/dist-packages/image_service_interfaces/image_service_interfaces_s__rosidl_typesupport_introspection_c.cpython-310-aarch64-linux-gnu.so
[0.375s] -- Up-to-date: /home/sheepster/ros2_ws/install/image_service_interfaces/local/lib/python3.10/dist-packages/image_service_interfaces/__init__.py
[0.375s] -- Up-to-date: /home/sheepster/ros2_ws/install/image_service_interfaces/local/lib/python3.10/dist-packages/image_service_interfaces/_image_service_interfaces_s.ep.rosidl_typesupport_fastrtps_c.c
[0.375s] -- Up-to-date: /home/sheepster/ros2_ws/install/image_service_interfaces/local/lib/python3.10/dist-packages/image_service_interfaces/srv
[0.375s] -- Up-to-date: /home/sheepster/ros2_ws/install/image_service_interfaces/local/lib/python3.10/dist-packages/image_service_interfaces/srv/_return_image.py
[0.375s] -- Up-to-date: /home/sheepster/ros2_ws/install/image_service_interfaces/local/lib/python3.10/dist-packages/image_service_interfaces/srv/_return_image_s.c
[0.375s] -- Up-to-date: /home/sheepster/ros2_ws/install/image_service_interfaces/local/lib/python3.10/dist-packages/image_service_interfaces/srv/__init__.py
[0.394s] Listing '/home/sheepster/ros2_ws/install/image_service_interfaces/local/lib/python3.10/dist-packages/image_service_interfaces'...
[0.395s] Listing '/home/sheepster/ros2_ws/install/image_service_interfaces/local/lib/python3.10/dist-packages/image_service_interfaces/srv'...
[0.398s] -- Up-to-date: /home/sheepster/ros2_ws/install/image_service_interfaces/local/lib/python3.10/dist-packages/image_service_interfaces/image_service_interfaces_s__rosidl_typesupport_fastrtps_c.cpython-310-aarch64-linux-gnu.so
[0.398s] -- Up-to-date: /home/sheepster/ros2_ws/install/image_service_interfaces/local/lib/python3.10/dist-packages/image_service_interfaces/image_service_interfaces_s__rosidl_typesupport_introspection_c.cpython-310-aarch64-linux-gnu.so
[0.398s] -- Up-to-date: /home/sheepster/ros2_ws/install/image_service_interfaces/local/lib/python3.10/dist-packages/image_service_interfaces/image_service_interfaces_s__rosidl_typesupport_c.cpython-310-aarch64-linux-gnu.so
[0.399s] -- Up-to-date: /home/sheepster/ros2_ws/install/image_service_interfaces/lib/libimage_service_interfaces__rosidl_generator_py.so
[0.399s] -- Up-to-date: /home/sheepster/ros2_ws/install/image_service_interfaces/share/image_service_interfaces/srv/ReturnImage.idl
[0.399s] -- Up-to-date: /home/sheepster/ros2_ws/install/image_service_interfaces/share/image_service_interfaces/srv/ReturnImage.srv
[0.399s] -- Up-to-date: /home/sheepster/ros2_ws/install/image_service_interfaces/share/image_service_interfaces/srv/ReturnImage_Request.msg
[0.399s] -- Up-to-date: /home/sheepster/ros2_ws/install/image_service_interfaces/share/image_service_interfaces/srv/ReturnImage_Response.msg
[0.399s] -- Up-to-date: /home/sheepster/ros2_ws/install/image_service_interfaces/share/ament_index/resource_index/package_run_dependencies/image_service_interfaces
[0.400s] -- Up-to-date: /home/sheepster/ros2_ws/install/image_service_interfaces/share/ament_index/resource_index/parent_prefix_path/image_service_interfaces
[0.400s] -- Up-to-date: /home/sheepster/ros2_ws/install/image_service_interfaces/share/image_service_interfaces/environment/ament_prefix_path.sh
[0.400s] -- Up-to-date: /home/sheepster/ros2_ws/install/image_service_interfaces/share/image_service_interfaces/environment/ament_prefix_path.dsv
[0.400s] -- Up-to-date: /home/sheepster/ros2_ws/install/image_service_interfaces/share/image_service_interfaces/environment/path.sh
[0.400s] -- Up-to-date: /home/sheepster/ros2_ws/install/image_service_interfaces/share/image_service_interfaces/environment/path.dsv
[0.400s] -- Up-to-date: /home/sheepster/ros2_ws/install/image_service_interfaces/share/image_service_interfaces/local_setup.bash
[0.400s] -- Up-to-date: /home/sheepster/ros2_ws/install/image_service_interfaces/share/image_service_interfaces/local_setup.sh
[0.400s] -- Up-to-date: /home/sheepster/ros2_ws/install/image_service_interfaces/share/image_service_interfaces/local_setup.zsh
[0.400s] -- Up-to-date: /home/sheepster/ros2_ws/install/image_service_interfaces/share/image_service_interfaces/local_setup.dsv
[0.400s] -- Installing: /home/sheepster/ros2_ws/install/image_service_interfaces/share/image_service_interfaces/package.dsv
[0.401s] -- Up-to-date: /home/sheepster/ros2_ws/install/image_service_interfaces/share/ament_index/resource_index/packages/image_service_interfaces
[0.402s] -- Up-to-date: /home/sheepster/ros2_ws/install/image_service_interfaces/share/image_service_interfaces/cmake/export_image_service_interfaces__rosidl_generator_cExport.cmake
[0.402s] -- Up-to-date: /home/sheepster/ros2_ws/install/image_service_interfaces/share/image_service_interfaces/cmake/export_image_service_interfaces__rosidl_generator_cExport-noconfig.cmake
[0.402s] -- Up-to-date: /home/sheepster/ros2_ws/install/image_service_interfaces/share/image_service_interfaces/cmake/export_image_service_interfaces__rosidl_typesupport_fastrtps_cExport.cmake
[0.402s] -- Up-to-date: /home/sheepster/ros2_ws/install/image_service_interfaces/share/image_service_interfaces/cmake/export_image_service_interfaces__rosidl_typesupport_fastrtps_cExport-noconfig.cmake
[0.402s] -- Up-to-date: /home/sheepster/ros2_ws/install/image_service_interfaces/share/image_service_interfaces/cmake/export_image_service_interfaces__rosidl_generator_cppExport.cmake
[0.403s] -- Up-to-date: /home/sheepster/ros2_ws/install/image_service_interfaces/share/image_service_interfaces/cmake/export_image_service_interfaces__rosidl_typesupport_fastrtps_cppExport.cmake
[0.403s] -- Up-to-date: /home/sheepster/ros2_ws/install/image_service_interfaces/share/image_service_interfaces/cmake/export_image_service_interfaces__rosidl_typesupport_fastrtps_cppExport-noconfig.cmake
[0.403s] -- Up-to-date: /home/sheepster/ros2_ws/install/image_service_interfaces/share/image_service_interfaces/cmake/image_service_interfaces__rosidl_typesupport_introspection_cExport.cmake
[0.403s] -- Up-to-date: /home/sheepster/ros2_ws/install/image_service_interfaces/share/image_service_interfaces/cmake/image_service_interfaces__rosidl_typesupport_introspection_cExport-noconfig.cmake
[0.403s] -- Up-to-date: /home/sheepster/ros2_ws/install/image_service_interfaces/share/image_service_interfaces/cmake/image_service_interfaces__rosidl_typesupport_cExport.cmake
[0.404s] -- Up-to-date: /home/sheepster/ros2_ws/install/image_service_interfaces/share/image_service_interfaces/cmake/image_service_interfaces__rosidl_typesupport_cExport-noconfig.cmake
[0.404s] -- Up-to-date: /home/sheepster/ros2_ws/install/image_service_interfaces/share/image_service_interfaces/cmake/image_service_interfaces__rosidl_typesupport_introspection_cppExport.cmake
[0.404s] -- Up-to-date: /home/sheepster/ros2_ws/install/image_service_interfaces/share/image_service_interfaces/cmake/image_service_interfaces__rosidl_typesupport_introspection_cppExport-noconfig.cmake
[0.404s] -- Up-to-date: /home/sheepster/ros2_ws/install/image_service_interfaces/share/image_service_interfaces/cmake/image_service_interfaces__rosidl_typesupport_cppExport.cmake
[0.405s] -- Up-to-date: /home/sheepster/ros2_ws/install/image_service_interfaces/share/image_service_interfaces/cmake/image_service_interfaces__rosidl_typesupport_cppExport-noconfig.cmake
[0.405s] -- Up-to-date: /home/sheepster/ros2_ws/install/image_service_interfaces/share/image_service_interfaces/cmake/export_image_service_interfaces__rosidl_generator_pyExport.cmake
[0.405s] -- Up-to-date: /home/sheepster/ros2_ws/install/image_service_interfaces/share/image_service_interfaces/cmake/export_image_service_interfaces__rosidl_generator_pyExport-noconfig.cmake
[0.405s] -- Up-to-date: /home/sheepster/ros2_ws/install/image_service_interfaces/share/image_service_interfaces/cmake/rosidl_cmake-extras.cmake
[0.405s] -- Up-to-date: /home/sheepster/ros2_ws/install/image_service_interfaces/share/image_service_interfaces/cmake/ament_cmake_export_dependencies-extras.cmake
[0.405s] -- Up-to-date: /home/sheepster/ros2_ws/install/image_service_interfaces/share/image_service_interfaces/cmake/ament_cmake_export_include_directories-extras.cmake
[0.405s] -- Up-to-date: /home/sheepster/ros2_ws/install/image_service_interfaces/share/image_service_interfaces/cmake/ament_cmake_export_libraries-extras.cmake
[0.405s] -- Up-to-date: /home/sheepster/ros2_ws/install/image_service_interfaces/share/image_service_interfaces/cmake/ament_cmake_export_targets-extras.cmake
[0.405s] -- Up-to-date: /home/sheepster/ros2_ws/install/image_service_interfaces/share/image_service_interfaces/cmake/rosidl_cmake_export_typesupport_targets-extras.cmake
[0.405s] -- Up-to-date: /home/sheepster/ros2_ws/install/image_service_interfaces/share/image_service_interfaces/cmake/rosidl_cmake_export_typesupport_libraries-extras.cmake
[0.405s] -- Up-to-date: /home/sheepster/ros2_ws/install/image_service_interfaces/share/image_service_interfaces/cmake/image_service_interfacesConfig.cmake
[0.405s] -- Up-to-date: /home/sheepster/ros2_ws/install/image_service_interfaces/share/image_service_interfaces/cmake/image_service_interfacesConfig-version.cmake
[0.406s] -- Up-to-date: /home/sheepster/ros2_ws/install/image_service_interfaces/share/image_service_interfaces/package.xml
[0.408s] Invoked command in '/home/sheepster/ros2_ws/build/image_service_interfaces' returned '0': CMAKE_PREFIX_PATH=/opt/ros/humble /usr/bin/cmake --install /home/sheepster/ros2_ws/build/image_service_interfaces
