[0.743s] Invoking command in '/home/sheepster/ros2_ws/src/image_service_pkg': AMENT_PREFIX_PATH=/home/sheepster/ros2_ws/install/image_service_interfaces:${AMENT_PREFIX_PATH} CMAKE_PREFIX_PATH=/home/sheepster/ros2_ws/install/image_service_interfaces LD_LIBRARY_PATH=/home/sheepster/ros2_ws/install/image_service_interfaces/lib:${LD_LIBRARY_PATH} PYTHONPATH=/home/sheepster/ros2_ws/build/image_service_pkg/prefix_override:/usr/lib/python3/dist-packages/colcon_core/task/python/colcon_distutils_commands:/home/sheepster/ros2_ws/install/image_service_pkg/lib/python3.10/site-packages:/home/sheepster/ros2_ws/install/image_service_interfaces/local/lib/python3.10/dist-packages:${PYTHONPATH} /usr/bin/python3 -W ignore:setup.py install is deprecated -W ignore:easy_install command is deprecated setup.py egg_info --egg-base ../../build/image_service_pkg build --build-base /home/sheepster/ros2_ws/build/image_service_pkg/build install --record /home/sheepster/ros2_ws/build/image_service_pkg/install.log --single-version-externally-managed install_data
[0.918s] running egg_info
[0.918s] creating ../../build/image_service_pkg/image_service_pkg.egg-info
[0.918s] writing ../../build/image_service_pkg/image_service_pkg.egg-info/PKG-INFO
[0.918s] writing dependency_links to ../../build/image_service_pkg/image_service_pkg.egg-info/dependency_links.txt
[0.918s] writing entry points to ../../build/image_service_pkg/image_service_pkg.egg-info/entry_points.txt
[0.919s] writing requirements to ../../build/image_service_pkg/image_service_pkg.egg-info/requires.txt
[0.919s] writing top-level names to ../../build/image_service_pkg/image_service_pkg.egg-info/top_level.txt
[0.919s] writing manifest file '../../build/image_service_pkg/image_service_pkg.egg-info/SOURCES.txt'
[0.920s] reading manifest file '../../build/image_service_pkg/image_service_pkg.egg-info/SOURCES.txt'
[0.921s] writing manifest file '../../build/image_service_pkg/image_service_pkg.egg-info/SOURCES.txt'
[0.921s] running build
[0.921s] running build_py
[0.921s] creating /home/sheepster/ros2_ws/build/image_service_pkg/build
[0.921s] creating /home/sheepster/ros2_ws/build/image_service_pkg/build/lib
[0.921s] creating /home/sheepster/ros2_ws/build/image_service_pkg/build/lib/image_service_pkg
[0.921s] copying image_service_pkg/image_service_server.py -> /home/sheepster/ros2_ws/build/image_service_pkg/build/lib/image_service_pkg
[0.922s] copying image_service_pkg/__init__.py -> /home/sheepster/ros2_ws/build/image_service_pkg/build/lib/image_service_pkg
[0.922s] copying image_service_pkg/image_service_client.py -> /home/sheepster/ros2_ws/build/image_service_pkg/build/lib/image_service_pkg
[0.922s] running install
[0.923s] running install_lib
[0.923s] copying /home/sheepster/ros2_ws/build/image_service_pkg/build/lib/image_service_pkg/image_service_server.py -> /home/sheepster/ros2_ws/install/image_service_pkg/lib/python3.10/site-packages/image_service_pkg
[0.923s] copying /home/sheepster/ros2_ws/build/image_service_pkg/build/lib/image_service_pkg/image_service_client.py -> /home/sheepster/ros2_ws/install/image_service_pkg/lib/python3.10/site-packages/image_service_pkg
[0.924s] byte-compiling /home/sheepster/ros2_ws/install/image_service_pkg/lib/python3.10/site-packages/image_service_pkg/image_service_server.py to image_service_server.cpython-310.pyc
[0.925s] byte-compiling /home/sheepster/ros2_ws/install/image_service_pkg/lib/python3.10/site-packages/image_service_pkg/image_service_client.py to image_service_client.cpython-310.pyc
[0.925s] running install_data
[0.925s] running install_egg_info
[0.926s] removing '/home/sheepster/ros2_ws/install/image_service_pkg/lib/python3.10/site-packages/image_service_pkg-0.0.0-py3.10.egg-info' (and everything under it)
[0.928s] Copying ../../build/image_service_pkg/image_service_pkg.egg-info to /home/sheepster/ros2_ws/install/image_service_pkg/lib/python3.10/site-packages/image_service_pkg-0.0.0-py3.10.egg-info
[0.928s] running install_scripts
[0.943s] Installing image_service_client script to /home/sheepster/ros2_ws/install/image_service_pkg/lib/image_service_pkg
[0.943s] Installing image_service_server script to /home/sheepster/ros2_ws/install/image_service_pkg/lib/image_service_pkg
[0.944s] writing list of installed files to '/home/sheepster/ros2_ws/build/image_service_pkg/install.log'
[0.961s] Invoked command in '/home/sheepster/ros2_ws/src/image_service_pkg' returned '0': AMENT_PREFIX_PATH=/home/sheepster/ros2_ws/install/image_service_interfaces:${AMENT_PREFIX_PATH} CMAKE_PREFIX_PATH=/home/sheepster/ros2_ws/install/image_service_interfaces LD_LIBRARY_PATH=/home/sheepster/ros2_ws/install/image_service_interfaces/lib:${LD_LIBRARY_PATH} PYTHONPATH=/home/sheepster/ros2_ws/build/image_service_pkg/prefix_override:/usr/lib/python3/dist-packages/colcon_core/task/python/colcon_distutils_commands:/home/sheepster/ros2_ws/install/image_service_pkg/lib/python3.10/site-packages:/home/sheepster/ros2_ws/install/image_service_interfaces/local/lib/python3.10/dist-packages:${PYTHONPATH} /usr/bin/python3 -W ignore:setup.py install is deprecated -W ignore:easy_install command is deprecated setup.py egg_info --egg-base ../../build/image_service_pkg build --build-base /home/sheepster/ros2_ws/build/image_service_pkg/build install --record /home/sheepster/ros2_ws/build/image_service_pkg/install.log --single-version-externally-managed install_data
