[0.010s] Invoking command in '/home/sheepster/ros2_ws/build/image_service_interfaces': CMAKE_PREFIX_PATH=${CMAKE_PREFIX_PATH}:/home/sheepster/ros2_ws/install/image_service_pkg:/opt/ros/humble /usr/bin/cmake --build /home/sheepster/ros2_ws/build/image_service_interfaces -- -j4 -l4
[0.182s] [  3%] Built target image_service_interfaces__cpp
[0.192s] [  6%] Built target ament_cmake_python_copy_image_service_interfaces
[0.192s] [ 12%] Built target image_service_interfaces__rosidl_generator_c
[0.219s] [ 29%] Built target image_service_interfaces__rosidl_typesupport_fastrtps_cpp
[0.219s] [ 38%] Built target image_service_interfaces__rosidl_typesupport_fastrtps_c
[0.219s] [ 41%] Built target image_service_interfaces__rosidl_typesupport_cpp
[0.221s] [ 51%] Built target image_service_interfaces__rosidl_typesupport_introspection_cpp
[0.236s] [ 70%] Built target image_service_interfaces__rosidl_typesupport_c
[0.236s] [ 70%] Built target image_service_interfaces__rosidl_typesupport_introspection_c
[0.248s] [ 70%] Built target image_service_interfaces
[0.260s] [ 74%] Built target image_service_interfaces__py
[0.284s] [ 80%] Built target image_service_interfaces__rosidl_generator_py
[0.309s] [ 87%] Built target image_service_interfaces__rosidl_typesupport_introspection_c__pyext
[0.309s] [ 93%] Built target image_service_interfaces__rosidl_typesupport_c__pyext
[0.309s] [100%] Built target image_service_interfaces__rosidl_typesupport_fastrtps_c__pyext
[0.371s] running egg_info
[0.371s] writing image_service_interfaces.egg-info/PKG-INFO
[0.372s] writing dependency_links to image_service_interfaces.egg-info/dependency_links.txt
[0.372s] writing top-level names to image_service_interfaces.egg-info/top_level.txt
[0.374s] reading manifest file 'image_service_interfaces.egg-info/SOURCES.txt'
[0.375s] writing manifest file 'image_service_interfaces.egg-info/SOURCES.txt'
[0.392s] [100%] Built target ament_cmake_python_build_image_service_interfaces_egg
[0.401s] Invoked command in '/home/sheepster/ros2_ws/build/image_service_interfaces' returned '0': CMAKE_PREFIX_PATH=${CMAKE_PREFIX_PATH}:/home/sheepster/ros2_ws/install/image_service_pkg:/opt/ros/humble /usr/bin/cmake --build /home/sheepster/ros2_ws/build/image_service_interfaces -- -j4 -l4
[0.408s] Invoking command in '/home/sheepster/ros2_ws/build/image_service_interfaces': CMAKE_PREFIX_PATH=${CMAKE_PREFIX_PATH}:/home/sheepster/ros2_ws/install/image_service_pkg:/opt/ros/humble /usr/bin/cmake --install /home/sheepster/ros2_ws/build/image_service_interfaces
[0.413s] -- Install configuration: ""
[0.413s] -- Up-to-date: /home/sheepster/ros2_ws/install/image_service_interfaces/share/ament_index/resource_index/rosidl_interfaces/image_service_interfaces
[0.414s] -- Up-to-date: /home/sheepster/ros2_ws/install/image_service_interfaces/include/image_service_interfaces/image_service_interfaces
[0.414s] -- Up-to-date: /home/sheepster/ros2_ws/install/image_service_interfaces/include/image_service_interfaces/image_service_interfaces/msg
[0.414s] -- Up-to-date: /home/sheepster/ros2_ws/install/image_service_interfaces/include/image_service_interfaces/image_service_interfaces/msg/rosidl_generator_c__visibility_control.h
[0.415s] -- Up-to-date: /home/sheepster/ros2_ws/install/image_service_interfaces/include/image_service_interfaces/image_service_interfaces/srv
[0.415s] -- Up-to-date: /home/sheepster/ros2_ws/install/image_service_interfaces/include/image_service_interfaces/image_service_interfaces/srv/detail
[0.415s] -- Up-to-date: /home/sheepster/ros2_ws/install/image_service_interfaces/include/image_service_interfaces/image_service_interfaces/srv/detail/return_image__struct.h
[0.415s] -- Up-to-date: /home/sheepster/ros2_ws/install/image_service_interfaces/include/image_service_interfaces/image_service_interfaces/srv/detail/return_image__functions.c
[0.415s] -- Up-to-date: /home/sheepster/ros2_ws/install/image_service_interfaces/include/image_service_interfaces/image_service_interfaces/srv/detail/return_image__type_support.h
[0.415s] -- Up-to-date: /home/sheepster/ros2_ws/install/image_service_interfaces/include/image_service_interfaces/image_service_interfaces/srv/detail/return_image__functions.h
[0.415s] -- Up-to-date: /home/sheepster/ros2_ws/install/image_service_interfaces/include/image_service_interfaces/image_service_interfaces/srv/return_image.h
[0.415s] -- Up-to-date: /home/sheepster/ros2_ws/install/image_service_interfaces/share/image_service_interfaces/environment/library_path.sh
[0.415s] -- Up-to-date: /home/sheepster/ros2_ws/install/image_service_interfaces/share/image_service_interfaces/environment/library_path.dsv
[0.416s] -- Up-to-date: /home/sheepster/ros2_ws/install/image_service_interfaces/lib/libimage_service_interfaces__rosidl_generator_c.so
[0.416s] -- Up-to-date: /home/sheepster/ros2_ws/install/image_service_interfaces/include/image_service_interfaces/image_service_interfaces
[0.416s] -- Up-to-date: /home/sheepster/ros2_ws/install/image_service_interfaces/include/image_service_interfaces/image_service_interfaces/msg
[0.416s] -- Up-to-date: /home/sheepster/ros2_ws/install/image_service_interfaces/include/image_service_interfaces/image_service_interfaces/msg/rosidl_typesupport_fastrtps_c__visibility_control.h
[0.416s] -- Up-to-date: /home/sheepster/ros2_ws/install/image_service_interfaces/include/image_service_interfaces/image_service_interfaces/srv
[0.416s] -- Up-to-date: /home/sheepster/ros2_ws/install/image_service_interfaces/include/image_service_interfaces/image_service_interfaces/srv/detail
[0.416s] -- Up-to-date: /home/sheepster/ros2_ws/install/image_service_interfaces/include/image_service_interfaces/image_service_interfaces/srv/detail/return_image__rosidl_typesupport_fastrtps_c.h
[0.417s] -- Up-to-date: /home/sheepster/ros2_ws/install/image_service_interfaces/lib/libimage_service_interfaces__rosidl_typesupport_fastrtps_c.so
[0.417s] -- Up-to-date: /home/sheepster/ros2_ws/install/image_service_interfaces/include/image_service_interfaces/image_service_interfaces
[0.417s] -- Up-to-date: /home/sheepster/ros2_ws/install/image_service_interfaces/include/image_service_interfaces/image_service_interfaces/msg
[0.417s] -- Up-to-date: /home/sheepster/ros2_ws/install/image_service_interfaces/include/image_service_interfaces/image_service_interfaces/msg/rosidl_generator_cpp__visibility_control.hpp
[0.417s] -- Up-to-date: /home/sheepster/ros2_ws/install/image_service_interfaces/include/image_service_interfaces/image_service_interfaces/srv
[0.417s] -- Up-to-date: /home/sheepster/ros2_ws/install/image_service_interfaces/include/image_service_interfaces/image_service_interfaces/srv/return_image.hpp
[0.417s] -- Up-to-date: /home/sheepster/ros2_ws/install/image_service_interfaces/include/image_service_interfaces/image_service_interfaces/srv/detail
[0.417s] -- Up-to-date: /home/sheepster/ros2_ws/install/image_service_interfaces/include/image_service_interfaces/image_service_interfaces/srv/detail/return_image__type_support.hpp
[0.417s] -- Up-to-date: /home/sheepster/ros2_ws/install/image_service_interfaces/include/image_service_interfaces/image_service_interfaces/srv/detail/return_image__struct.hpp
[0.417s] -- Up-to-date: /home/sheepster/ros2_ws/install/image_service_interfaces/include/image_service_interfaces/image_service_interfaces/srv/detail/return_image__builder.hpp
[0.417s] -- Up-to-date: /home/sheepster/ros2_ws/install/image_service_interfaces/include/image_service_interfaces/image_service_interfaces/srv/detail/return_image__traits.hpp
[0.417s] -- Up-to-date: /home/sheepster/ros2_ws/install/image_service_interfaces/include/image_service_interfaces/image_service_interfaces
[0.417s] -- Up-to-date: /home/sheepster/ros2_ws/install/image_service_interfaces/include/image_service_interfaces/image_service_interfaces/msg
[0.417s] -- Up-to-date: /home/sheepster/ros2_ws/install/image_service_interfaces/include/image_service_interfaces/image_service_interfaces/msg/rosidl_typesupport_fastrtps_cpp__visibility_control.h
[0.417s] -- Up-to-date: /home/sheepster/ros2_ws/install/image_service_interfaces/include/image_service_interfaces/image_service_interfaces/srv
[0.417s] -- Up-to-date: /home/sheepster/ros2_ws/install/image_service_interfaces/include/image_service_interfaces/image_service_interfaces/srv/detail
[0.417s] -- Up-to-date: /home/sheepster/ros2_ws/install/image_service_interfaces/include/image_service_interfaces/image_service_interfaces/srv/detail/return_image__rosidl_typesupport_fastrtps_cpp.hpp
[0.417s] -- Up-to-date: /home/sheepster/ros2_ws/install/image_service_interfaces/include/image_service_interfaces/image_service_interfaces/srv/detail/dds_fastrtps
[0.420s] -- Up-to-date: /home/sheepster/ros2_ws/install/image_service_interfaces/lib/libimage_service_interfaces__rosidl_typesupport_fastrtps_cpp.so
[0.420s] -- Up-to-date: /home/sheepster/ros2_ws/install/image_service_interfaces/include/image_service_interfaces/image_service_interfaces
[0.420s] -- Up-to-date: /home/sheepster/ros2_ws/install/image_service_interfaces/include/image_service_interfaces/image_service_interfaces/msg
[0.420s] -- Up-to-date: /home/sheepster/ros2_ws/install/image_service_interfaces/include/image_service_interfaces/image_service_interfaces/msg/rosidl_typesupport_introspection_c__visibility_control.h
[0.420s] -- Up-to-date: /home/sheepster/ros2_ws/install/image_service_interfaces/include/image_service_interfaces/image_service_interfaces/srv
[0.420s] -- Up-to-date: /home/sheepster/ros2_ws/install/image_service_interfaces/include/image_service_interfaces/image_service_interfaces/srv/detail
[0.420s] -- Up-to-date: /home/sheepster/ros2_ws/install/image_service_interfaces/include/image_service_interfaces/image_service_interfaces/srv/detail/return_image__type_support.c
[0.420s] -- Up-to-date: /home/sheepster/ros2_ws/install/image_service_interfaces/include/image_service_interfaces/image_service_interfaces/srv/detail/return_image__rosidl_typesupport_introspection_c.h
[0.422s] -- Up-to-date: /home/sheepster/ros2_ws/install/image_service_interfaces/lib/libimage_service_interfaces__rosidl_typesupport_introspection_c.so
[0.423s] -- Up-to-date: /home/sheepster/ros2_ws/install/image_service_interfaces/lib/libimage_service_interfaces__rosidl_typesupport_c.so
[0.423s] -- Up-to-date: /home/sheepster/ros2_ws/install/image_service_interfaces/include/image_service_interfaces/image_service_interfaces
[0.423s] -- Up-to-date: /home/sheepster/ros2_ws/install/image_service_interfaces/include/image_service_interfaces/image_service_interfaces/srv
[0.424s] -- Up-to-date: /home/sheepster/ros2_ws/install/image_service_interfaces/include/image_service_interfaces/image_service_interfaces/srv/detail
[0.424s] -- Up-to-date: /home/sheepster/ros2_ws/install/image_service_interfaces/include/image_service_interfaces/image_service_interfaces/srv/detail/return_image__rosidl_typesupport_introspection_cpp.hpp
[0.424s] -- Up-to-date: /home/sheepster/ros2_ws/install/image_service_interfaces/include/image_service_interfaces/image_service_interfaces/srv/detail/return_image__type_support.cpp
[0.424s] -- Up-to-date: /home/sheepster/ros2_ws/install/image_service_interfaces/lib/libimage_service_interfaces__rosidl_typesupport_introspection_cpp.so
[0.424s] -- Up-to-date: /home/sheepster/ros2_ws/install/image_service_interfaces/lib/libimage_service_interfaces__rosidl_typesupport_cpp.so
[0.424s] -- Up-to-date: /home/sheepster/ros2_ws/install/image_service_interfaces/share/image_service_interfaces/environment/pythonpath.sh
[0.424s] -- Up-to-date: /home/sheepster/ros2_ws/install/image_service_interfaces/share/image_service_interfaces/environment/pythonpath.dsv
[0.424s] -- Up-to-date: /home/sheepster/ros2_ws/install/image_service_interfaces/local/lib/python3.10/dist-packages/image_service_interfaces-0.0.0-py3.10.egg-info
[0.424s] -- Installing: /home/sheepster/ros2_ws/install/image_service_interfaces/local/lib/python3.10/dist-packages/image_service_interfaces-0.0.0-py3.10.egg-info/SOURCES.txt
[0.424s] -- Installing: /home/sheepster/ros2_ws/install/image_service_interfaces/local/lib/python3.10/dist-packages/image_service_interfaces-0.0.0-py3.10.egg-info/PKG-INFO
[0.424s] -- Installing: /home/sheepster/ros2_ws/install/image_service_interfaces/local/lib/python3.10/dist-packages/image_service_interfaces-0.0.0-py3.10.egg-info/top_level.txt
[0.425s] -- Installing: /home/sheepster/ros2_ws/install/image_service_interfaces/local/lib/python3.10/dist-packages/image_service_interfaces-0.0.0-py3.10.egg-info/dependency_links.txt
[0.425s] -- Up-to-date: /home/sheepster/ros2_ws/install/image_service_interfaces/local/lib/python3.10/dist-packages/image_service_interfaces
[0.425s] -- Up-to-date: /home/sheepster/ros2_ws/install/image_service_interfaces/local/lib/python3.10/dist-packages/image_service_interfaces/_image_service_interfaces_s.ep.rosidl_typesupport_introspection_c.c
[0.425s] -- Up-to-date: /home/sheepster/ros2_ws/install/image_service_interfaces/local/lib/python3.10/dist-packages/image_service_interfaces/image_service_interfaces_s__rosidl_typesupport_fastrtps_c.cpython-310-aarch64-linux-gnu.so
[0.425s] -- Up-to-date: /home/sheepster/ros2_ws/install/image_service_interfaces/local/lib/python3.10/dist-packages/image_service_interfaces/libimage_service_interfaces__rosidl_generator_py.so
[0.425s] -- Up-to-date: /home/sheepster/ros2_ws/install/image_service_interfaces/local/lib/python3.10/dist-packages/image_service_interfaces/_image_service_interfaces_s.ep.rosidl_typesupport_c.c
[0.425s] -- Up-to-date: /home/sheepster/ros2_ws/install/image_service_interfaces/local/lib/python3.10/dist-packages/image_service_interfaces/image_service_interfaces_s__rosidl_typesupport_c.cpython-310-aarch64-linux-gnu.so
[0.425s] -- Up-to-date: /home/sheepster/ros2_ws/install/image_service_interfaces/local/lib/python3.10/dist-packages/image_service_interfaces/image_service_interfaces_s__rosidl_typesupport_introspection_c.cpython-310-aarch64-linux-gnu.so
[0.425s] -- Up-to-date: /home/sheepster/ros2_ws/install/image_service_interfaces/local/lib/python3.10/dist-packages/image_service_interfaces/__init__.py
[0.425s] -- Up-to-date: /home/sheepster/ros2_ws/install/image_service_interfaces/local/lib/python3.10/dist-packages/image_service_interfaces/_image_service_interfaces_s.ep.rosidl_typesupport_fastrtps_c.c
[0.425s] -- Up-to-date: /home/sheepster/ros2_ws/install/image_service_interfaces/local/lib/python3.10/dist-packages/image_service_interfaces/srv
[0.425s] -- Up-to-date: /home/sheepster/ros2_ws/install/image_service_interfaces/local/lib/python3.10/dist-packages/image_service_interfaces/srv/_return_image.py
[0.425s] -- Up-to-date: /home/sheepster/ros2_ws/install/image_service_interfaces/local/lib/python3.10/dist-packages/image_service_interfaces/srv/_return_image_s.c
[0.425s] -- Up-to-date: /home/sheepster/ros2_ws/install/image_service_interfaces/local/lib/python3.10/dist-packages/image_service_interfaces/srv/__init__.py
[0.446s] Listing '/home/sheepster/ros2_ws/install/image_service_interfaces/local/lib/python3.10/dist-packages/image_service_interfaces'...
[0.446s] Listing '/home/sheepster/ros2_ws/install/image_service_interfaces/local/lib/python3.10/dist-packages/image_service_interfaces/srv'...
[0.451s] -- Up-to-date: /home/sheepster/ros2_ws/install/image_service_interfaces/local/lib/python3.10/dist-packages/image_service_interfaces/image_service_interfaces_s__rosidl_typesupport_fastrtps_c.cpython-310-aarch64-linux-gnu.so
[0.452s] -- Up-to-date: /home/sheepster/ros2_ws/install/image_service_interfaces/local/lib/python3.10/dist-packages/image_service_interfaces/image_service_interfaces_s__rosidl_typesupport_introspection_c.cpython-310-aarch64-linux-gnu.so
[0.452s] -- Up-to-date: /home/sheepster/ros2_ws/install/image_service_interfaces/local/lib/python3.10/dist-packages/image_service_interfaces/image_service_interfaces_s__rosidl_typesupport_c.cpython-310-aarch64-linux-gnu.so
[0.452s] -- Up-to-date: /home/sheepster/ros2_ws/install/image_service_interfaces/lib/libimage_service_interfaces__rosidl_generator_py.so
[0.453s] -- Up-to-date: /home/sheepster/ros2_ws/install/image_service_interfaces/share/image_service_interfaces/srv/ReturnImage.idl
[0.453s] -- Up-to-date: /home/sheepster/ros2_ws/install/image_service_interfaces/share/image_service_interfaces/srv/ReturnImage.srv
[0.453s] -- Up-to-date: /home/sheepster/ros2_ws/install/image_service_interfaces/share/image_service_interfaces/srv/ReturnImage_Request.msg
[0.453s] -- Up-to-date: /home/sheepster/ros2_ws/install/image_service_interfaces/share/image_service_interfaces/srv/ReturnImage_Response.msg
[0.453s] -- Up-to-date: /home/sheepster/ros2_ws/install/image_service_interfaces/share/ament_index/resource_index/package_run_dependencies/image_service_interfaces
[0.454s] -- Up-to-date: /home/sheepster/ros2_ws/install/image_service_interfaces/share/ament_index/resource_index/parent_prefix_path/image_service_interfaces
[0.454s] -- Up-to-date: /home/sheepster/ros2_ws/install/image_service_interfaces/share/image_service_interfaces/environment/ament_prefix_path.sh
[0.454s] -- Up-to-date: /home/sheepster/ros2_ws/install/image_service_interfaces/share/image_service_interfaces/environment/ament_prefix_path.dsv
[0.454s] -- Up-to-date: /home/sheepster/ros2_ws/install/image_service_interfaces/share/image_service_interfaces/environment/path.sh
[0.454s] -- Up-to-date: /home/sheepster/ros2_ws/install/image_service_interfaces/share/image_service_interfaces/environment/path.dsv
[0.454s] -- Up-to-date: /home/sheepster/ros2_ws/install/image_service_interfaces/share/image_service_interfaces/local_setup.bash
[0.454s] -- Up-to-date: /home/sheepster/ros2_ws/install/image_service_interfaces/share/image_service_interfaces/local_setup.sh
[0.454s] -- Up-to-date: /home/sheepster/ros2_ws/install/image_service_interfaces/share/image_service_interfaces/local_setup.zsh
[0.454s] -- Up-to-date: /home/sheepster/ros2_ws/install/image_service_interfaces/share/image_service_interfaces/local_setup.dsv
[0.454s] -- Installing: /home/sheepster/ros2_ws/install/image_service_interfaces/share/image_service_interfaces/package.dsv
[0.454s] -- Up-to-date: /home/sheepster/ros2_ws/install/image_service_interfaces/share/ament_index/resource_index/packages/image_service_interfaces
[0.456s] -- Up-to-date: /home/sheepster/ros2_ws/install/image_service_interfaces/share/image_service_interfaces/cmake/export_image_service_interfaces__rosidl_generator_cExport.cmake
[0.456s] -- Up-to-date: /home/sheepster/ros2_ws/install/image_service_interfaces/share/image_service_interfaces/cmake/export_image_service_interfaces__rosidl_generator_cExport-noconfig.cmake
[0.456s] -- Up-to-date: /home/sheepster/ros2_ws/install/image_service_interfaces/share/image_service_interfaces/cmake/export_image_service_interfaces__rosidl_typesupport_fastrtps_cExport.cmake
[0.456s] -- Up-to-date: /home/sheepster/ros2_ws/install/image_service_interfaces/share/image_service_interfaces/cmake/export_image_service_interfaces__rosidl_typesupport_fastrtps_cExport-noconfig.cmake
[0.457s] -- Up-to-date: /home/sheepster/ros2_ws/install/image_service_interfaces/share/image_service_interfaces/cmake/export_image_service_interfaces__rosidl_generator_cppExport.cmake
[0.457s] -- Up-to-date: /home/sheepster/ros2_ws/install/image_service_interfaces/share/image_service_interfaces/cmake/export_image_service_interfaces__rosidl_typesupport_fastrtps_cppExport.cmake
[0.457s] -- Up-to-date: /home/sheepster/ros2_ws/install/image_service_interfaces/share/image_service_interfaces/cmake/export_image_service_interfaces__rosidl_typesupport_fastrtps_cppExport-noconfig.cmake
[0.458s] -- Up-to-date: /home/sheepster/ros2_ws/install/image_service_interfaces/share/image_service_interfaces/cmake/image_service_interfaces__rosidl_typesupport_introspection_cExport.cmake
[0.458s] -- Up-to-date: /home/sheepster/ros2_ws/install/image_service_interfaces/share/image_service_interfaces/cmake/image_service_interfaces__rosidl_typesupport_introspection_cExport-noconfig.cmake
[0.459s] -- Up-to-date: /home/sheepster/ros2_ws/install/image_service_interfaces/share/image_service_interfaces/cmake/image_service_interfaces__rosidl_typesupport_cExport.cmake
[0.459s] -- Up-to-date: /home/sheepster/ros2_ws/install/image_service_interfaces/share/image_service_interfaces/cmake/image_service_interfaces__rosidl_typesupport_cExport-noconfig.cmake
[0.460s] -- Up-to-date: /home/sheepster/ros2_ws/install/image_service_interfaces/share/image_service_interfaces/cmake/image_service_interfaces__rosidl_typesupport_introspection_cppExport.cmake
[0.460s] -- Up-to-date: /home/sheepster/ros2_ws/install/image_service_interfaces/share/image_service_interfaces/cmake/image_service_interfaces__rosidl_typesupport_introspection_cppExport-noconfig.cmake
[0.460s] -- Up-to-date: /home/sheepster/ros2_ws/install/image_service_interfaces/share/image_service_interfaces/cmake/image_service_interfaces__rosidl_typesupport_cppExport.cmake
[0.460s] -- Up-to-date: /home/sheepster/ros2_ws/install/image_service_interfaces/share/image_service_interfaces/cmake/image_service_interfaces__rosidl_typesupport_cppExport-noconfig.cmake
[0.461s] -- Up-to-date: /home/sheepster/ros2_ws/install/image_service_interfaces/share/image_service_interfaces/cmake/export_image_service_interfaces__rosidl_generator_pyExport.cmake
[0.461s] -- Up-to-date: /home/sheepster/ros2_ws/install/image_service_interfaces/share/image_service_interfaces/cmake/export_image_service_interfaces__rosidl_generator_pyExport-noconfig.cmake
[0.461s] -- Up-to-date: /home/sheepster/ros2_ws/install/image_service_interfaces/share/image_service_interfaces/cmake/rosidl_cmake-extras.cmake
[0.461s] -- Up-to-date: /home/sheepster/ros2_ws/install/image_service_interfaces/share/image_service_interfaces/cmake/ament_cmake_export_dependencies-extras.cmake
[0.461s] -- Up-to-date: /home/sheepster/ros2_ws/install/image_service_interfaces/share/image_service_interfaces/cmake/ament_cmake_export_include_directories-extras.cmake
[0.461s] -- Up-to-date: /home/sheepster/ros2_ws/install/image_service_interfaces/share/image_service_interfaces/cmake/ament_cmake_export_libraries-extras.cmake
[0.461s] -- Up-to-date: /home/sheepster/ros2_ws/install/image_service_interfaces/share/image_service_interfaces/cmake/ament_cmake_export_targets-extras.cmake
[0.461s] -- Up-to-date: /home/sheepster/ros2_ws/install/image_service_interfaces/share/image_service_interfaces/cmake/rosidl_cmake_export_typesupport_targets-extras.cmake
[0.461s] -- Up-to-date: /home/sheepster/ros2_ws/install/image_service_interfaces/share/image_service_interfaces/cmake/rosidl_cmake_export_typesupport_libraries-extras.cmake
[0.461s] -- Up-to-date: /home/sheepster/ros2_ws/install/image_service_interfaces/share/image_service_interfaces/cmake/image_service_interfacesConfig.cmake
[0.461s] -- Up-to-date: /home/sheepster/ros2_ws/install/image_service_interfaces/share/image_service_interfaces/cmake/image_service_interfacesConfig-version.cmake
[0.461s] -- Up-to-date: /home/sheepster/ros2_ws/install/image_service_interfaces/share/image_service_interfaces/package.xml
[0.463s] Invoked command in '/home/sheepster/ros2_ws/build/image_service_interfaces' returned '0': CMAKE_PREFIX_PATH=${CMAKE_PREFIX_PATH}:/home/sheepster/ros2_ws/install/image_service_pkg:/opt/ros/humble /usr/bin/cmake --install /home/sheepster/ros2_ws/build/image_service_interfaces
