[0.495s] Invoking command in '/home/sheepster/ros2_ws/src/image_service_pkg': PYTHONPATH=/home/sheepster/ros2_ws/build/image_service_pkg/prefix_override:/usr/lib/python3/dist-packages/colcon_core/task/python/colcon_distutils_commands:/home/sheepster/ros2_ws/install/image_service_pkg/lib/python3.10/site-packages:${PYTHONPATH} /usr/bin/python3 -W ignore:setup.py install is deprecated -W ignore:easy_install command is deprecated setup.py egg_info --egg-base ../../build/image_service_pkg build --build-base /home/sheepster/ros2_ws/build/image_service_pkg/build install --record /home/sheepster/ros2_ws/build/image_service_pkg/install.log --single-version-externally-managed install_data
[0.631s] running egg_info
[0.631s] writing ../../build/image_service_pkg/image_service_pkg.egg-info/PKG-INFO
[0.631s] writing dependency_links to ../../build/image_service_pkg/image_service_pkg.egg-info/dependency_links.txt
[0.631s] writing entry points to ../../build/image_service_pkg/image_service_pkg.egg-info/entry_points.txt
[0.631s] writing requirements to ../../build/image_service_pkg/image_service_pkg.egg-info/requires.txt
[0.631s] writing top-level names to ../../build/image_service_pkg/image_service_pkg.egg-info/top_level.txt
[0.634s] reading manifest file '../../build/image_service_pkg/image_service_pkg.egg-info/SOURCES.txt'
[0.634s] writing manifest file '../../build/image_service_pkg/image_service_pkg.egg-info/SOURCES.txt'
[0.634s] running build
[0.634s] running build_py
[0.634s] copying image_service_pkg/image_service_server.py -> /home/sheepster/ros2_ws/build/image_service_pkg/build/lib/image_service_pkg
[0.634s] running install
[0.635s] running install_lib
[0.635s] copying /home/sheepster/ros2_ws/build/image_service_pkg/build/lib/image_service_pkg/image_service_server.py -> /home/sheepster/ros2_ws/install/image_service_pkg/lib/python3.10/site-packages/image_service_pkg
[0.635s] byte-compiling /home/sheepster/ros2_ws/install/image_service_pkg/lib/python3.10/site-packages/image_service_pkg/image_service_server.py to image_service_server.cpython-310.pyc
[0.636s] running install_data
[0.636s] running install_egg_info
[0.637s] removing '/home/sheepster/ros2_ws/install/image_service_pkg/lib/python3.10/site-packages/image_service_pkg-0.0.0-py3.10.egg-info' (and everything under it)
[0.637s] Copying ../../build/image_service_pkg/image_service_pkg.egg-info to /home/sheepster/ros2_ws/install/image_service_pkg/lib/python3.10/site-packages/image_service_pkg-0.0.0-py3.10.egg-info
[0.638s] running install_scripts
[0.649s] Installing image_service_client script to /home/sheepster/ros2_ws/install/image_service_pkg/lib/image_service_pkg
[0.649s] Installing image_service_server script to /home/sheepster/ros2_ws/install/image_service_pkg/lib/image_service_pkg
[0.649s] writing list of installed files to '/home/sheepster/ros2_ws/build/image_service_pkg/install.log'
[0.672s] Invoked command in '/home/sheepster/ros2_ws/src/image_service_pkg' returned '0': PYTHONPATH=/home/sheepster/ros2_ws/build/image_service_pkg/prefix_override:/usr/lib/python3/dist-packages/colcon_core/task/python/colcon_distutils_commands:/home/sheepster/ros2_ws/install/image_service_pkg/lib/python3.10/site-packages:${PYTHONPATH} /usr/bin/python3 -W ignore:setup.py install is deprecated -W ignore:easy_install command is deprecated setup.py egg_info --egg-base ../../build/image_service_pkg build --build-base /home/sheepster/ros2_ws/build/image_service_pkg/build install --record /home/sheepster/ros2_ws/build/image_service_pkg/install.log --single-version-externally-managed install_data
