[0.402s] Invoking command in '/home/sheepster/ros2_ws/src/image_service_pkg': PYTHONPATH=/home/sheepster/ros2_ws/build/image_service_pkg/prefix_override:/usr/lib/python3/dist-packages/colcon_core/task/python/colcon_distutils_commands:/home/sheepster/ros2_ws/install/image_service_pkg/lib/python3.10/site-packages:${PYTHONPATH} /usr/bin/python3 -W ignore:setup.py install is deprecated -W ignore:easy_install command is deprecated setup.py egg_info --egg-base ../../build/image_service_pkg build --build-base /home/sheepster/ros2_ws/build/image_service_pkg/build install --record /home/sheepster/ros2_ws/build/image_service_pkg/install.log --single-version-externally-managed install_data
[0.531s] running egg_info
[0.532s] creating ../../build/image_service_pkg/image_service_pkg.egg-info
[0.532s] writing ../../build/image_service_pkg/image_service_pkg.egg-info/PKG-INFO
[0.532s] writing dependency_links to ../../build/image_service_pkg/image_service_pkg.egg-info/dependency_links.txt
[0.532s] writing entry points to ../../build/image_service_pkg/image_service_pkg.egg-info/entry_points.txt
[0.532s] writing requirements to ../../build/image_service_pkg/image_service_pkg.egg-info/requires.txt
[0.532s] writing top-level names to ../../build/image_service_pkg/image_service_pkg.egg-info/top_level.txt
[0.532s] writing manifest file '../../build/image_service_pkg/image_service_pkg.egg-info/SOURCES.txt'
[0.533s] reading manifest file '../../build/image_service_pkg/image_service_pkg.egg-info/SOURCES.txt'
[0.534s] writing manifest file '../../build/image_service_pkg/image_service_pkg.egg-info/SOURCES.txt'
[0.534s] running build
[0.534s] running build_py
[0.534s] creating /home/sheepster/ros2_ws/build/image_service_pkg/build
[0.534s] creating /home/sheepster/ros2_ws/build/image_service_pkg/build/lib
[0.534s] creating /home/sheepster/ros2_ws/build/image_service_pkg/build/lib/image_service_pkg
[0.534s] copying image_service_pkg/image_service_server.py -> /home/sheepster/ros2_ws/build/image_service_pkg/build/lib/image_service_pkg
[0.534s] copying image_service_pkg/__init__.py -> /home/sheepster/ros2_ws/build/image_service_pkg/build/lib/image_service_pkg
[0.535s] running install
[0.535s] running install_lib
[0.535s] creating /home/sheepster/ros2_ws/install/image_service_pkg/lib/python3.10/site-packages/image_service_pkg
[0.535s] copying /home/sheepster/ros2_ws/build/image_service_pkg/build/lib/image_service_pkg/image_service_server.py -> /home/sheepster/ros2_ws/install/image_service_pkg/lib/python3.10/site-packages/image_service_pkg
[0.535s] copying /home/sheepster/ros2_ws/build/image_service_pkg/build/lib/image_service_pkg/__init__.py -> /home/sheepster/ros2_ws/install/image_service_pkg/lib/python3.10/site-packages/image_service_pkg
[0.535s] byte-compiling /home/sheepster/ros2_ws/install/image_service_pkg/lib/python3.10/site-packages/image_service_pkg/image_service_server.py to image_service_server.cpython-310.pyc
[0.536s] byte-compiling /home/sheepster/ros2_ws/install/image_service_pkg/lib/python3.10/site-packages/image_service_pkg/__init__.py to __init__.cpython-310.pyc
[0.536s] running install_data
[0.536s] creating /home/sheepster/ros2_ws/install/image_service_pkg/share/ament_index
[0.536s] creating /home/sheepster/ros2_ws/install/image_service_pkg/share/ament_index/resource_index
[0.536s] creating /home/sheepster/ros2_ws/install/image_service_pkg/share/ament_index/resource_index/packages
[0.536s] copying resource/image_service_pkg -> /home/sheepster/ros2_ws/install/image_service_pkg/share/ament_index/resource_index/packages
[0.536s] copying package.xml -> /home/sheepster/ros2_ws/install/image_service_pkg/share/image_service_pkg
[0.536s] running install_egg_info
[0.537s] Copying ../../build/image_service_pkg/image_service_pkg.egg-info to /home/sheepster/ros2_ws/install/image_service_pkg/lib/python3.10/site-packages/image_service_pkg-0.0.0-py3.10.egg-info
[0.538s] running install_scripts
[0.549s] Installing image_service_server script to /home/sheepster/ros2_ws/install/image_service_pkg/lib/image_service_pkg
[0.549s] writing list of installed files to '/home/sheepster/ros2_ws/build/image_service_pkg/install.log'
[0.580s] Invoked command in '/home/sheepster/ros2_ws/src/image_service_pkg' returned '0': PYTHONPATH=/home/sheepster/ros2_ws/build/image_service_pkg/prefix_override:/usr/lib/python3/dist-packages/colcon_core/task/python/colcon_distutils_commands:/home/sheepster/ros2_ws/install/image_service_pkg/lib/python3.10/site-packages:${PYTHONPATH} /usr/bin/python3 -W ignore:setup.py install is deprecated -W ignore:easy_install command is deprecated setup.py egg_info --egg-base ../../build/image_service_pkg build --build-base /home/sheepster/ros2_ws/build/image_service_pkg/build install --record /home/sheepster/ros2_ws/build/image_service_pkg/install.log --single-version-externally-managed install_data
