[0.009s] Invoking command in '/home/sheepster/ros2_ws/build/image_service_interfaces': CMAKE_PREFIX_PATH=${CMAKE_PREFIX_PATH}:/home/sheepster/ros2_ws/install/image_service_pkg:/opt/ros/humble /usr/bin/cmake --build /home/sheepster/ros2_ws/build/image_service_interfaces -- -j4 -l4
[0.186s] [  3%] Built target image_service_interfaces__cpp
[0.228s] [  3%] Built target ament_cmake_python_copy_image_service_interfaces
[0.229s] [ 12%] Built target image_service_interfaces__rosidl_generator_c
[0.271s] [ 22%] Built target image_service_interfaces__rosidl_typesupport_cpp
[0.277s] [ 32%] Built target image_service_interfaces__rosidl_typesupport_fastrtps_cpp
[0.280s] [ 41%] Built target image_service_interfaces__rosidl_typesupport_introspection_cpp
[0.304s] [ 51%] Built target image_service_interfaces__rosidl_typesupport_c
[0.306s] [ 61%] Built target image_service_interfaces__rosidl_typesupport_introspection_c
[0.311s] [ 70%] Built target image_service_interfaces__rosidl_typesupport_fastrtps_c
[0.326s] [ 70%] Built target image_service_interfaces
[0.344s] [ 74%] Built target image_service_interfaces__py
[0.423s] [ 80%] Built target image_service_interfaces__rosidl_generator_py
[0.437s] running egg_info
[0.439s] writing image_service_interfaces.egg-info/PKG-INFO
[0.439s] writing dependency_links to image_service_interfaces.egg-info/dependency_links.txt
[0.439s] writing top-level names to image_service_interfaces.egg-info/top_level.txt
[0.441s] reading manifest file 'image_service_interfaces.egg-info/SOURCES.txt'
[0.441s] writing manifest file 'image_service_interfaces.egg-info/SOURCES.txt'
[0.449s] [ 87%] Built target image_service_interfaces__rosidl_typesupport_fastrtps_c__pyext
[0.450s] [ 93%] Built target image_service_interfaces__rosidl_typesupport_c__pyext
[0.454s] [100%] Built target image_service_interfaces__rosidl_typesupport_introspection_c__pyext
[0.460s] [100%] Built target ament_cmake_python_build_image_service_interfaces_egg
[0.467s] Invoked command in '/home/sheepster/ros2_ws/build/image_service_interfaces' returned '0': CMAKE_PREFIX_PATH=${CMAKE_PREFIX_PATH}:/home/sheepster/ros2_ws/install/image_service_pkg:/opt/ros/humble /usr/bin/cmake --build /home/sheepster/ros2_ws/build/image_service_interfaces -- -j4 -l4
[0.476s] Invoking command in '/home/sheepster/ros2_ws/build/image_service_interfaces': CMAKE_PREFIX_PATH=${CMAKE_PREFIX_PATH}:/home/sheepster/ros2_ws/install/image_service_pkg:/opt/ros/humble /usr/bin/cmake --install /home/sheepster/ros2_ws/build/image_service_interfaces
[0.481s] -- Install configuration: ""
[0.482s] -- Up-to-date: /home/sheepster/ros2_ws/install/image_service_interfaces/share/ament_index/resource_index/rosidl_interfaces/image_service_interfaces
[0.482s] -- Up-to-date: /home/sheepster/ros2_ws/install/image_service_interfaces/include/image_service_interfaces/image_service_interfaces
[0.482s] -- Up-to-date: /home/sheepster/ros2_ws/install/image_service_interfaces/include/image_service_interfaces/image_service_interfaces/msg
[0.483s] -- Up-to-date: /home/sheepster/ros2_ws/install/image_service_interfaces/include/image_service_interfaces/image_service_interfaces/msg/rosidl_generator_c__visibility_control.h
[0.483s] -- Up-to-date: /home/sheepster/ros2_ws/install/image_service_interfaces/include/image_service_interfaces/image_service_interfaces/srv
[0.483s] -- Up-to-date: /home/sheepster/ros2_ws/install/image_service_interfaces/include/image_service_interfaces/image_service_interfaces/srv/detail
[0.483s] -- Up-to-date: /home/sheepster/ros2_ws/install/image_service_interfaces/include/image_service_interfaces/image_service_interfaces/srv/detail/return_image__struct.h
[0.483s] -- Up-to-date: /home/sheepster/ros2_ws/install/image_service_interfaces/include/image_service_interfaces/image_service_interfaces/srv/detail/return_image__functions.c
[0.483s] -- Up-to-date: /home/sheepster/ros2_ws/install/image_service_interfaces/include/image_service_interfaces/image_service_interfaces/srv/detail/return_image__type_support.h
[0.483s] -- Up-to-date: /home/sheepster/ros2_ws/install/image_service_interfaces/include/image_service_interfaces/image_service_interfaces/srv/detail/return_image__functions.h
[0.483s] -- Up-to-date: /home/sheepster/ros2_ws/install/image_service_interfaces/include/image_service_interfaces/image_service_interfaces/srv/return_image.h
[0.484s] -- Up-to-date: /home/sheepster/ros2_ws/install/image_service_interfaces/share/image_service_interfaces/environment/library_path.sh
[0.484s] -- Up-to-date: /home/sheepster/ros2_ws/install/image_service_interfaces/share/image_service_interfaces/environment/library_path.dsv
[0.484s] -- Up-to-date: /home/sheepster/ros2_ws/install/image_service_interfaces/lib/libimage_service_interfaces__rosidl_generator_c.so
[0.484s] -- Up-to-date: /home/sheepster/ros2_ws/install/image_service_interfaces/include/image_service_interfaces/image_service_interfaces
[0.484s] -- Up-to-date: /home/sheepster/ros2_ws/install/image_service_interfaces/include/image_service_interfaces/image_service_interfaces/msg
[0.484s] -- Up-to-date: /home/sheepster/ros2_ws/install/image_service_interfaces/include/image_service_interfaces/image_service_interfaces/msg/rosidl_typesupport_fastrtps_c__visibility_control.h
[0.484s] -- Up-to-date: /home/sheepster/ros2_ws/install/image_service_interfaces/include/image_service_interfaces/image_service_interfaces/srv
[0.484s] -- Up-to-date: /home/sheepster/ros2_ws/install/image_service_interfaces/include/image_service_interfaces/image_service_interfaces/srv/detail
[0.485s] -- Up-to-date: /home/sheepster/ros2_ws/install/image_service_interfaces/include/image_service_interfaces/image_service_interfaces/srv/detail/return_image__rosidl_typesupport_fastrtps_c.h
[0.485s] -- Up-to-date: /home/sheepster/ros2_ws/install/image_service_interfaces/lib/libimage_service_interfaces__rosidl_typesupport_fastrtps_c.so
[0.485s] -- Up-to-date: /home/sheepster/ros2_ws/install/image_service_interfaces/include/image_service_interfaces/image_service_interfaces
[0.485s] -- Up-to-date: /home/sheepster/ros2_ws/install/image_service_interfaces/include/image_service_interfaces/image_service_interfaces/msg
[0.485s] -- Up-to-date: /home/sheepster/ros2_ws/install/image_service_interfaces/include/image_service_interfaces/image_service_interfaces/msg/rosidl_generator_cpp__visibility_control.hpp
[0.485s] -- Up-to-date: /home/sheepster/ros2_ws/install/image_service_interfaces/include/image_service_interfaces/image_service_interfaces/srv
[0.485s] -- Up-to-date: /home/sheepster/ros2_ws/install/image_service_interfaces/include/image_service_interfaces/image_service_interfaces/srv/return_image.hpp
[0.486s] -- Up-to-date: /home/sheepster/ros2_ws/install/image_service_interfaces/include/image_service_interfaces/image_service_interfaces/srv/detail
[0.486s] -- Up-to-date: /home/sheepster/ros2_ws/install/image_service_interfaces/include/image_service_interfaces/image_service_interfaces/srv/detail/return_image__type_support.hpp
[0.486s] -- Up-to-date: /home/sheepster/ros2_ws/install/image_service_interfaces/include/image_service_interfaces/image_service_interfaces/srv/detail/return_image__struct.hpp
[0.486s] -- Up-to-date: /home/sheepster/ros2_ws/install/image_service_interfaces/include/image_service_interfaces/image_service_interfaces/srv/detail/return_image__builder.hpp
[0.486s] -- Up-to-date: /home/sheepster/ros2_ws/install/image_service_interfaces/include/image_service_interfaces/image_service_interfaces/srv/detail/return_image__traits.hpp
[0.486s] -- Up-to-date: /home/sheepster/ros2_ws/install/image_service_interfaces/include/image_service_interfaces/image_service_interfaces
[0.486s] -- Up-to-date: /home/sheepster/ros2_ws/install/image_service_interfaces/include/image_service_interfaces/image_service_interfaces/msg
[0.486s] -- Up-to-date: /home/sheepster/ros2_ws/install/image_service_interfaces/include/image_service_interfaces/image_service_interfaces/msg/rosidl_typesupport_fastrtps_cpp__visibility_control.h
[0.486s] -- Up-to-date: /home/sheepster/ros2_ws/install/image_service_interfaces/include/image_service_interfaces/image_service_interfaces/srv
[0.486s] -- Up-to-date: /home/sheepster/ros2_ws/install/image_service_interfaces/include/image_service_interfaces/image_service_interfaces/srv/detail
[0.486s] -- Up-to-date: /home/sheepster/ros2_ws/install/image_service_interfaces/include/image_service_interfaces/image_service_interfaces/srv/detail/return_image__rosidl_typesupport_fastrtps_cpp.hpp
[0.487s] -- Up-to-date: /home/sheepster/ros2_ws/install/image_service_interfaces/include/image_service_interfaces/image_service_interfaces/srv/detail/dds_fastrtps
[0.487s] -- Up-to-date: /home/sheepster/ros2_ws/install/image_service_interfaces/lib/libimage_service_interfaces__rosidl_typesupport_fastrtps_cpp.so
[0.487s] -- Up-to-date: /home/sheepster/ros2_ws/install/image_service_interfaces/include/image_service_interfaces/image_service_interfaces
[0.487s] -- Up-to-date: /home/sheepster/ros2_ws/install/image_service_interfaces/include/image_service_interfaces/image_service_interfaces/msg
[0.487s] -- Up-to-date: /home/sheepster/ros2_ws/install/image_service_interfaces/include/image_service_interfaces/image_service_interfaces/msg/rosidl_typesupport_introspection_c__visibility_control.h
[0.487s] -- Up-to-date: /home/sheepster/ros2_ws/install/image_service_interfaces/include/image_service_interfaces/image_service_interfaces/srv
[0.487s] -- Up-to-date: /home/sheepster/ros2_ws/install/image_service_interfaces/include/image_service_interfaces/image_service_interfaces/srv/detail
[0.487s] -- Up-to-date: /home/sheepster/ros2_ws/install/image_service_interfaces/include/image_service_interfaces/image_service_interfaces/srv/detail/return_image__type_support.c
[0.487s] -- Up-to-date: /home/sheepster/ros2_ws/install/image_service_interfaces/include/image_service_interfaces/image_service_interfaces/srv/detail/return_image__rosidl_typesupport_introspection_c.h
[0.487s] -- Up-to-date: /home/sheepster/ros2_ws/install/image_service_interfaces/lib/libimage_service_interfaces__rosidl_typesupport_introspection_c.so
[0.488s] -- Up-to-date: /home/sheepster/ros2_ws/install/image_service_interfaces/lib/libimage_service_interfaces__rosidl_typesupport_c.so
[0.488s] -- Up-to-date: /home/sheepster/ros2_ws/install/image_service_interfaces/include/image_service_interfaces/image_service_interfaces
[0.488s] -- Up-to-date: /home/sheepster/ros2_ws/install/image_service_interfaces/include/image_service_interfaces/image_service_interfaces/srv
[0.488s] -- Up-to-date: /home/sheepster/ros2_ws/install/image_service_interfaces/include/image_service_interfaces/image_service_interfaces/srv/detail
[0.488s] -- Up-to-date: /home/sheepster/ros2_ws/install/image_service_interfaces/include/image_service_interfaces/image_service_interfaces/srv/detail/return_image__rosidl_typesupport_introspection_cpp.hpp
[0.488s] -- Up-to-date: /home/sheepster/ros2_ws/install/image_service_interfaces/include/image_service_interfaces/image_service_interfaces/srv/detail/return_image__type_support.cpp
[0.488s] -- Up-to-date: /home/sheepster/ros2_ws/install/image_service_interfaces/lib/libimage_service_interfaces__rosidl_typesupport_introspection_cpp.so
[0.489s] -- Up-to-date: /home/sheepster/ros2_ws/install/image_service_interfaces/lib/libimage_service_interfaces__rosidl_typesupport_cpp.so
[0.489s] -- Up-to-date: /home/sheepster/ros2_ws/install/image_service_interfaces/share/image_service_interfaces/environment/pythonpath.sh
[0.489s] -- Up-to-date: /home/sheepster/ros2_ws/install/image_service_interfaces/share/image_service_interfaces/environment/pythonpath.dsv
[0.489s] -- Up-to-date: /home/sheepster/ros2_ws/install/image_service_interfaces/local/lib/python3.10/dist-packages/image_service_interfaces-0.0.0-py3.10.egg-info
[0.489s] -- Installing: /home/sheepster/ros2_ws/install/image_service_interfaces/local/lib/python3.10/dist-packages/image_service_interfaces-0.0.0-py3.10.egg-info/SOURCES.txt
[0.489s] -- Installing: /home/sheepster/ros2_ws/install/image_service_interfaces/local/lib/python3.10/dist-packages/image_service_interfaces-0.0.0-py3.10.egg-info/PKG-INFO
[0.489s] -- Installing: /home/sheepster/ros2_ws/install/image_service_interfaces/local/lib/python3.10/dist-packages/image_service_interfaces-0.0.0-py3.10.egg-info/top_level.txt
[0.490s] -- Installing: /home/sheepster/ros2_ws/install/image_service_interfaces/local/lib/python3.10/dist-packages/image_service_interfaces-0.0.0-py3.10.egg-info/dependency_links.txt
[0.490s] -- Up-to-date: /home/sheepster/ros2_ws/install/image_service_interfaces/local/lib/python3.10/dist-packages/image_service_interfaces
[0.490s] -- Up-to-date: /home/sheepster/ros2_ws/install/image_service_interfaces/local/lib/python3.10/dist-packages/image_service_interfaces/_image_service_interfaces_s.ep.rosidl_typesupport_introspection_c.c
[0.490s] -- Up-to-date: /home/sheepster/ros2_ws/install/image_service_interfaces/local/lib/python3.10/dist-packages/image_service_interfaces/image_service_interfaces_s__rosidl_typesupport_fastrtps_c.cpython-310-aarch64-linux-gnu.so
[0.490s] -- Up-to-date: /home/sheepster/ros2_ws/install/image_service_interfaces/local/lib/python3.10/dist-packages/image_service_interfaces/libimage_service_interfaces__rosidl_generator_py.so
[0.490s] -- Up-to-date: /home/sheepster/ros2_ws/install/image_service_interfaces/local/lib/python3.10/dist-packages/image_service_interfaces/_image_service_interfaces_s.ep.rosidl_typesupport_c.c
[0.490s] -- Up-to-date: /home/sheepster/ros2_ws/install/image_service_interfaces/local/lib/python3.10/dist-packages/image_service_interfaces/image_service_interfaces_s__rosidl_typesupport_c.cpython-310-aarch64-linux-gnu.so
[0.490s] -- Up-to-date: /home/sheepster/ros2_ws/install/image_service_interfaces/local/lib/python3.10/dist-packages/image_service_interfaces/image_service_interfaces_s__rosidl_typesupport_introspection_c.cpython-310-aarch64-linux-gnu.so
[0.490s] -- Up-to-date: /home/sheepster/ros2_ws/install/image_service_interfaces/local/lib/python3.10/dist-packages/image_service_interfaces/__init__.py
[0.490s] -- Up-to-date: /home/sheepster/ros2_ws/install/image_service_interfaces/local/lib/python3.10/dist-packages/image_service_interfaces/_image_service_interfaces_s.ep.rosidl_typesupport_fastrtps_c.c
[0.490s] -- Up-to-date: /home/sheepster/ros2_ws/install/image_service_interfaces/local/lib/python3.10/dist-packages/image_service_interfaces/srv
[0.490s] -- Up-to-date: /home/sheepster/ros2_ws/install/image_service_interfaces/local/lib/python3.10/dist-packages/image_service_interfaces/srv/_return_image.py
[0.490s] -- Up-to-date: /home/sheepster/ros2_ws/install/image_service_interfaces/local/lib/python3.10/dist-packages/image_service_interfaces/srv/_return_image_s.c
[0.490s] -- Up-to-date: /home/sheepster/ros2_ws/install/image_service_interfaces/local/lib/python3.10/dist-packages/image_service_interfaces/srv/__init__.py
[0.509s] Listing '/home/sheepster/ros2_ws/install/image_service_interfaces/local/lib/python3.10/dist-packages/image_service_interfaces'...
[0.509s] Listing '/home/sheepster/ros2_ws/install/image_service_interfaces/local/lib/python3.10/dist-packages/image_service_interfaces/srv'...
[0.512s] -- Up-to-date: /home/sheepster/ros2_ws/install/image_service_interfaces/local/lib/python3.10/dist-packages/image_service_interfaces/image_service_interfaces_s__rosidl_typesupport_fastrtps_c.cpython-310-aarch64-linux-gnu.so
[0.513s] -- Up-to-date: /home/sheepster/ros2_ws/install/image_service_interfaces/local/lib/python3.10/dist-packages/image_service_interfaces/image_service_interfaces_s__rosidl_typesupport_introspection_c.cpython-310-aarch64-linux-gnu.so
[0.514s] -- Up-to-date: /home/sheepster/ros2_ws/install/image_service_interfaces/local/lib/python3.10/dist-packages/image_service_interfaces/image_service_interfaces_s__rosidl_typesupport_c.cpython-310-aarch64-linux-gnu.so
[0.516s] -- Up-to-date: /home/sheepster/ros2_ws/install/image_service_interfaces/lib/libimage_service_interfaces__rosidl_generator_py.so
[0.520s] -- Up-to-date: /home/sheepster/ros2_ws/install/image_service_interfaces/share/image_service_interfaces/srv/ReturnImage.idl
[0.521s] -- Up-to-date: /home/sheepster/ros2_ws/install/image_service_interfaces/share/image_service_interfaces/srv/ReturnImage.srv
[0.521s] -- Up-to-date: /home/sheepster/ros2_ws/install/image_service_interfaces/share/image_service_interfaces/srv/ReturnImage_Request.msg
[0.521s] -- Up-to-date: /home/sheepster/ros2_ws/install/image_service_interfaces/share/image_service_interfaces/srv/ReturnImage_Response.msg
[0.521s] -- Up-to-date: /home/sheepster/ros2_ws/install/image_service_interfaces/share/ament_index/resource_index/package_run_dependencies/image_service_interfaces
[0.523s] -- Up-to-date: /home/sheepster/ros2_ws/install/image_service_interfaces/share/ament_index/resource_index/parent_prefix_path/image_service_interfaces
[0.523s] -- Up-to-date: /home/sheepster/ros2_ws/install/image_service_interfaces/share/image_service_interfaces/environment/ament_prefix_path.sh
[0.523s] -- Up-to-date: /home/sheepster/ros2_ws/install/image_service_interfaces/share/image_service_interfaces/environment/ament_prefix_path.dsv
[0.523s] -- Up-to-date: /home/sheepster/ros2_ws/install/image_service_interfaces/share/image_service_interfaces/environment/path.sh
[0.523s] -- Up-to-date: /home/sheepster/ros2_ws/install/image_service_interfaces/share/image_service_interfaces/environment/path.dsv
[0.523s] -- Up-to-date: /home/sheepster/ros2_ws/install/image_service_interfaces/share/image_service_interfaces/local_setup.bash
[0.523s] -- Up-to-date: /home/sheepster/ros2_ws/install/image_service_interfaces/share/image_service_interfaces/local_setup.sh
[0.523s] -- Up-to-date: /home/sheepster/ros2_ws/install/image_service_interfaces/share/image_service_interfaces/local_setup.zsh
[0.523s] -- Up-to-date: /home/sheepster/ros2_ws/install/image_service_interfaces/share/image_service_interfaces/local_setup.dsv
[0.523s] -- Installing: /home/sheepster/ros2_ws/install/image_service_interfaces/share/image_service_interfaces/package.dsv
[0.523s] -- Up-to-date: /home/sheepster/ros2_ws/install/image_service_interfaces/share/ament_index/resource_index/packages/image_service_interfaces
[0.524s] -- Up-to-date: /home/sheepster/ros2_ws/install/image_service_interfaces/share/image_service_interfaces/cmake/export_image_service_interfaces__rosidl_generator_cExport.cmake
[0.524s] -- Up-to-date: /home/sheepster/ros2_ws/install/image_service_interfaces/share/image_service_interfaces/cmake/export_image_service_interfaces__rosidl_generator_cExport-noconfig.cmake
[0.525s] -- Up-to-date: /home/sheepster/ros2_ws/install/image_service_interfaces/share/image_service_interfaces/cmake/export_image_service_interfaces__rosidl_typesupport_fastrtps_cExport.cmake
[0.525s] -- Up-to-date: /home/sheepster/ros2_ws/install/image_service_interfaces/share/image_service_interfaces/cmake/export_image_service_interfaces__rosidl_typesupport_fastrtps_cExport-noconfig.cmake
[0.525s] -- Up-to-date: /home/sheepster/ros2_ws/install/image_service_interfaces/share/image_service_interfaces/cmake/export_image_service_interfaces__rosidl_generator_cppExport.cmake
[0.526s] -- Up-to-date: /home/sheepster/ros2_ws/install/image_service_interfaces/share/image_service_interfaces/cmake/export_image_service_interfaces__rosidl_typesupport_fastrtps_cppExport.cmake
[0.526s] -- Up-to-date: /home/sheepster/ros2_ws/install/image_service_interfaces/share/image_service_interfaces/cmake/export_image_service_interfaces__rosidl_typesupport_fastrtps_cppExport-noconfig.cmake
[0.526s] -- Up-to-date: /home/sheepster/ros2_ws/install/image_service_interfaces/share/image_service_interfaces/cmake/image_service_interfaces__rosidl_typesupport_introspection_cExport.cmake
[0.526s] -- Up-to-date: /home/sheepster/ros2_ws/install/image_service_interfaces/share/image_service_interfaces/cmake/image_service_interfaces__rosidl_typesupport_introspection_cExport-noconfig.cmake
[0.527s] -- Up-to-date: /home/sheepster/ros2_ws/install/image_service_interfaces/share/image_service_interfaces/cmake/image_service_interfaces__rosidl_typesupport_cExport.cmake
[0.527s] -- Up-to-date: /home/sheepster/ros2_ws/install/image_service_interfaces/share/image_service_interfaces/cmake/image_service_interfaces__rosidl_typesupport_cExport-noconfig.cmake
[0.527s] -- Up-to-date: /home/sheepster/ros2_ws/install/image_service_interfaces/share/image_service_interfaces/cmake/image_service_interfaces__rosidl_typesupport_introspection_cppExport.cmake
[0.531s] -- Up-to-date: /home/sheepster/ros2_ws/install/image_service_interfaces/share/image_service_interfaces/cmake/image_service_interfaces__rosidl_typesupport_introspection_cppExport-noconfig.cmake
[0.532s] -- Up-to-date: /home/sheepster/ros2_ws/install/image_service_interfaces/share/image_service_interfaces/cmake/image_service_interfaces__rosidl_typesupport_cppExport.cmake
[0.532s] -- Up-to-date: /home/sheepster/ros2_ws/install/image_service_interfaces/share/image_service_interfaces/cmake/image_service_interfaces__rosidl_typesupport_cppExport-noconfig.cmake
[0.532s] -- Up-to-date: /home/sheepster/ros2_ws/install/image_service_interfaces/share/image_service_interfaces/cmake/export_image_service_interfaces__rosidl_generator_pyExport.cmake
[0.532s] -- Up-to-date: /home/sheepster/ros2_ws/install/image_service_interfaces/share/image_service_interfaces/cmake/export_image_service_interfaces__rosidl_generator_pyExport-noconfig.cmake
[0.532s] -- Up-to-date: /home/sheepster/ros2_ws/install/image_service_interfaces/share/image_service_interfaces/cmake/rosidl_cmake-extras.cmake
[0.533s] -- Up-to-date: /home/sheepster/ros2_ws/install/image_service_interfaces/share/image_service_interfaces/cmake/ament_cmake_export_dependencies-extras.cmake
[0.533s] -- Up-to-date: /home/sheepster/ros2_ws/install/image_service_interfaces/share/image_service_interfaces/cmake/ament_cmake_export_include_directories-extras.cmake
[0.533s] -- Up-to-date: /home/sheepster/ros2_ws/install/image_service_interfaces/share/image_service_interfaces/cmake/ament_cmake_export_libraries-extras.cmake
[0.533s] -- Up-to-date: /home/sheepster/ros2_ws/install/image_service_interfaces/share/image_service_interfaces/cmake/ament_cmake_export_targets-extras.cmake
[0.533s] -- Up-to-date: /home/sheepster/ros2_ws/install/image_service_interfaces/share/image_service_interfaces/cmake/rosidl_cmake_export_typesupport_targets-extras.cmake
[0.533s] -- Up-to-date: /home/sheepster/ros2_ws/install/image_service_interfaces/share/image_service_interfaces/cmake/rosidl_cmake_export_typesupport_libraries-extras.cmake
[0.533s] -- Up-to-date: /home/sheepster/ros2_ws/install/image_service_interfaces/share/image_service_interfaces/cmake/image_service_interfacesConfig.cmake
[0.533s] -- Up-to-date: /home/sheepster/ros2_ws/install/image_service_interfaces/share/image_service_interfaces/cmake/image_service_interfacesConfig-version.cmake
[0.534s] -- Up-to-date: /home/sheepster/ros2_ws/install/image_service_interfaces/share/image_service_interfaces/package.xml
[0.535s] Invoked command in '/home/sheepster/ros2_ws/build/image_service_interfaces' returned '0': CMAKE_PREFIX_PATH=${CMAKE_PREFIX_PATH}:/home/sheepster/ros2_ws/install/image_service_pkg:/opt/ros/humble /usr/bin/cmake --install /home/sheepster/ros2_ws/build/image_service_interfaces
